
-------------------------------G4_Ar
-------------------------------pi+
### Fill Cross Sections for pi+ off Ar
-------------------------------------------------------------
    N     E(MeV)   Elastic(b)   Inelastic(b)   Total(b)
-------------------------------------------------------------
    0      0.1012      0.1149   1.467e-05       0.1149
    1      0.1035      0.1149    1.58e-05       0.1149
    2      0.1059      0.1149   1.703e-05       0.1149
    3      0.1084      0.1149   1.835e-05       0.1149
    4      0.1109      0.1149   1.978e-05       0.1149
    5      0.1135      0.1149   2.131e-05       0.1149
    6      0.1161      0.1149   2.296e-05       0.1149
    7      0.1189      0.1149   2.473e-05       0.1149
    8      0.1216      0.1149   2.662e-05       0.1149
    9      0.1245      0.1149   2.871e-05       0.1149
   10      0.1274      0.1149   3.095e-05       0.1149
   11      0.1303      0.1149   3.337e-05       0.1149
   12      0.1334      0.1149   3.596e-05       0.1149
   13      0.1365      0.1149   3.875e-05       0.1149
   14      0.1396      0.1149   4.176e-05       0.1149
   15      0.1429      0.1149     4.5e-05       0.1149
   16      0.1462      0.1149    4.85e-05       0.1149
   17      0.1496      0.1149   5.226e-05       0.1149
   18      0.1531      0.1149   5.631e-05       0.1149
   19      0.1567      0.1149   6.068e-05       0.1149
   20      0.1603      0.1149   6.538e-05       0.1149
   21      0.1641      0.1149   7.045e-05       0.1149
   22      0.1679      0.1149   7.591e-05        0.115
   23      0.1718      0.1149    8.18e-05        0.115
   24      0.1758      0.1149   8.815e-05        0.115
   25      0.1799      0.1149   9.497e-05        0.115
   26      0.1841      0.1149   0.0001023        0.115
   27      0.1884      0.1149   0.0001103        0.115
   28      0.1928      0.1149   0.0001188        0.115
   29      0.1972      0.1149    0.000128        0.115
   30      0.2018      0.1149   0.0001379        0.115
   31      0.2065      0.1149   0.0001486        0.115
   32      0.2113      0.1149   0.0001601        0.115
   33      0.2163      0.1149   0.0001724        0.115
   34      0.2213      0.1149   0.0001858       0.1151
   35      0.2265      0.1149   0.0002001       0.1151
   36      0.2317      0.1149   0.0002156       0.1151
   37      0.2371      0.1149   0.0002323       0.1151
   38      0.2427      0.1149   0.0002502       0.1151
   39      0.2483      0.1149   0.0002695       0.1151
   40      0.2541      0.1149   0.0002903       0.1152
   41        0.26      0.1149   0.0003127       0.1152
   42      0.2661      0.1149   0.0003368       0.1152
   43      0.2723      0.1149   0.0003627       0.1152
   44      0.2786      0.1149   0.0003907       0.1153
   45      0.2851      0.1149   0.0004207       0.1153
   46      0.2917      0.1149    0.000453       0.1153
   47      0.2985      0.1149   0.0004878       0.1154
   48      0.3055      0.1149   0.0005252       0.1154
   49      0.3126      0.1149   0.0005655       0.1154
   50      0.3199      0.1149   0.0006089       0.1155
   51      0.3273      0.1149   0.0006555       0.1155
   52       0.335      0.1149   0.0007055       0.1156
   53      0.3428      0.1149   0.0007593       0.1156
   54      0.3508      0.1149   0.0008172       0.1157
   55      0.3589      0.1149   0.0008794       0.1158
   56      0.3673      0.1149   0.0009462       0.1158
   57      0.3758      0.1149    0.001018       0.1159
   58      0.3846      0.1149    0.001095        0.116
   59      0.3936      0.1149    0.001178       0.1161
   60      0.4027      0.1149    0.001267       0.1161
   61      0.4121      0.1149    0.001362       0.1162
   62      0.4217      0.1149    0.001464       0.1163
   63      0.4315      0.1149    0.001574       0.1164
   64      0.4416      0.1149    0.001692       0.1166
   65      0.4519      0.1149    0.001818       0.1167
   66      0.4624      0.1149    0.001953       0.1168
   67      0.4732      0.1149    0.002097        0.117
   68      0.4842      0.1149    0.002252       0.1171
   69      0.4955      0.1149    0.002417       0.1173
   70       0.507      0.1149    0.002594       0.1175
   71      0.5188      0.1149    0.002783       0.1177
   72      0.5309      0.1149    0.002984       0.1179
   73      0.5433      0.1149    0.003199       0.1181
   74      0.5559      0.1149    0.003428       0.1183
   75      0.5689      0.1149    0.003673       0.1185
   76      0.5821      0.1149    0.003933       0.1188
   77      0.5957      0.1149     0.00421       0.1191
   78      0.6095      0.1149    0.004503       0.1194
   79      0.6237      0.1149    0.004815       0.1197
   80      0.6383      0.1149    0.005146         0.12
   81      0.6531      0.1149    0.005496       0.1204
   82      0.6683      0.1149    0.005867       0.1207
   83      0.6839      0.1149    0.006258       0.1211
   84      0.6998      0.1149    0.006672       0.1215
   85      0.7161      0.1149    0.007107        0.122
   86      0.7328      0.1149    0.007565       0.1224
   87      0.7499      0.1149    0.008047       0.1229
   88      0.7674      0.1149    0.008552       0.1234
   89      0.7852      0.1149     0.00908        0.124
   90      0.8035      0.1149    0.009633       0.1245
   91      0.8222      0.1149     0.01021       0.1251
   92      0.8414      0.1149     0.01081       0.1257
   93       0.861      0.1149     0.01143       0.1263
   94       0.881      0.1149     0.01208        0.127
   95      0.9016      0.1149     0.01275       0.1276
   96      0.9226      0.1149     0.01344       0.1283
   97      0.9441      0.1149     0.01415        0.129
   98      0.9661      0.1149     0.01488       0.1298
   99      0.9886      0.1149     0.01563       0.1305
  100       1.012      0.1149      0.0164       0.1313
  101       1.035      0.1149     0.01718       0.1321
  102       1.059      0.1149     0.01797       0.1328
  103       1.084      0.1149     0.01878       0.1337
  104       1.109      0.1149     0.01959       0.1345
  105       1.135      0.1149     0.02041       0.1353
  106       1.161      0.1149     0.02123       0.1361
  107       1.189      0.1149     0.02206       0.1369
  108       1.216      0.1149     0.02288       0.1378
  109       1.245      0.1149      0.0237       0.1386
  110       1.274      0.1149     0.02452       0.1394
  111       1.303      0.1149     0.02532       0.1402
  112       1.334      0.1149     0.02612        0.141
  113       1.365      0.1149     0.02691       0.1418
  114       1.396      0.1149     0.02768       0.1426
  115       1.429      0.1149     0.02843       0.1433
  116       1.462      0.1149     0.02916        0.144
  117       1.496      0.1149     0.02987       0.1447
  118       1.531      0.1149     0.03056       0.1454
  119       1.567      0.1149     0.03123       0.1461
  120       1.603      0.1149     0.03187       0.1467
  121       1.641      0.1149     0.03248       0.1474
  122       1.679      0.1149     0.03307       0.1479
  123       1.718      0.1149     0.03363       0.1485
  124       1.758      0.1149     0.03416        0.149
  125       1.799      0.1149     0.03467       0.1495
  126       1.841      0.1149     0.03514         0.15
  127       1.884      0.1149     0.03559       0.1505
  128       1.928      0.1149     0.03601       0.1509
  129       1.972      0.1149      0.0364       0.1513
  130       2.018      0.1149     0.03695       0.1518
  131       2.065      0.1149      0.0378       0.1527
  132       2.113      0.1149     0.03864       0.1535
  133       2.163      0.1149     0.03949       0.1544
  134       2.213      0.1149     0.04033       0.1552
  135       2.265      0.1149     0.04118       0.1561
  136       2.317      0.1149     0.04203       0.1569
  137       2.371      0.1149     0.04288       0.1578
  138       2.427      0.1149     0.04374       0.1586
  139       2.483      0.1149      0.0446       0.1595
  140       2.541      0.1149     0.04546       0.1603
  141         2.6      0.1149     0.04632       0.1612
  142       2.661      0.1149     0.04719       0.1621
  143       2.723      0.1149     0.04806       0.1629
  144       2.786      0.1149     0.04894       0.1638
  145       2.851      0.1149     0.04982       0.1647
  146       2.917      0.1149     0.05071       0.1656
  147       2.985      0.1149      0.0516       0.1665
  148       3.055      0.1149     0.05249       0.1674
  149       3.126      0.1149     0.05339       0.1683
  150       3.199      0.1149      0.0543       0.1692
  151       3.273      0.1149     0.05521       0.1701
  152        3.35      0.1149     0.05613        0.171
  153       3.428      0.1149     0.05706       0.1719
  154       3.508      0.1149     0.05799       0.1729
  155       3.589      0.1149     0.05892       0.1738
  156       3.673      0.1149     0.05987       0.1747
  157       3.758      0.1149     0.06082       0.1757
  158       3.846      0.1149     0.06178       0.1766
  159       3.936      0.1149     0.06274       0.1776
  160       4.027      0.1149     0.06371       0.1786
  161       4.121      0.1149     0.06469       0.1796
  162       4.217      0.1149     0.06568       0.1806
  163       4.315      0.1149     0.06667       0.1815
  164       4.416      0.1149     0.06768       0.1826
  165       4.519      0.1149     0.06869       0.1836
  166       4.624      0.1149     0.06971       0.1846
  167       4.732      0.1149     0.07074       0.1856
  168       4.842      0.1149     0.07177       0.1866
  169       4.955      0.1149     0.07282       0.1877
  170        5.07      0.1149     0.07387       0.1887
  171       5.188      0.1149     0.07494       0.1898
  172       5.309      0.1149     0.07601       0.1909
  173       5.433      0.1149      0.0771        0.192
  174       5.559      0.1149     0.07819       0.1931
  175       5.689      0.1149     0.07929       0.1942
  176       5.821      0.1149      0.0804       0.1953
  177       5.957      0.1149     0.08153       0.1964
  178       6.095      0.1149     0.08266       0.1975
  179       6.237      0.1149      0.0838       0.1987
  180       6.383      0.1149     0.08496       0.1998
  181       6.531      0.1149     0.08612        0.201
  182       6.683      0.1149      0.0873       0.2022
  183       6.839      0.1149     0.08849       0.2034
  184       6.998      0.1149     0.08969       0.2046
  185       7.161      0.1149      0.0909       0.2058
  186       7.328      0.1149     0.09212        0.207
  187       7.499      0.1149     0.09335       0.2082
  188       7.674      0.1149      0.0946       0.2095
  189       7.852      0.1149     0.09586       0.2107
  190       8.035      0.1149     0.09713        0.212
  191       8.222      0.1149     0.09841       0.2133
  192       8.414      0.1149     0.09971       0.2146
  193        8.61      0.1149       0.101       0.2159
  194        8.81      0.1149      0.1023       0.2172
  195       9.016      0.1149      0.1037       0.2185
  196       9.226      0.1149       0.105       0.2199
  197       9.441      0.1149      0.1064       0.2213
  198       9.661      0.1149      0.1078       0.2226
  199       9.886      0.1149      0.1092        0.224
  200       10.12      0.1149      0.1106       0.2254
  201       10.35      0.1149       0.112       0.2269
  202       10.59      0.1149      0.1134       0.2283
  203       10.84      0.1149      0.1149       0.2297
  204       11.09      0.1149      0.1163       0.2312
  205       11.35      0.1149      0.1178       0.2327
  206       11.61      0.1149      0.1193       0.2342
  207       11.89      0.1149      0.1208       0.2357
  208       12.16      0.1149      0.1223       0.2372
  209       12.45      0.1149      0.1239       0.2388
  210       12.74      0.1149      0.1254       0.2403
  211       13.03      0.1149       0.127       0.2419
  212       13.34      0.1149      0.1286       0.2435
  213       13.65      0.1149      0.1302       0.2451
  214       13.96      0.1149      0.1318       0.2467
  215       14.29      0.1149      0.1335       0.2484
  216       14.62      0.1149      0.1352         0.25
  217       14.96      0.1149      0.1368       0.2517
  218       15.31      0.1149      0.1385       0.2534
  219       15.67      0.1149      0.1402       0.2551
  220       16.03      0.1149       0.142       0.2569
  221       16.41      0.1149      0.1437       0.2586
  222       16.79      0.1149      0.1455       0.2604
  223       17.18      0.1149      0.1473       0.2622
  224       17.58      0.1149      0.1491        0.264
  225       17.99      0.1149      0.1509       0.2658
  226       18.41      0.1149      0.1528       0.2677
  227       18.84      0.1149      0.1547       0.2695
  228       19.28      0.1149      0.1565       0.2714
  229       19.72      0.1149      0.1585       0.2733
  230       20.18       0.115       0.161        0.276
  231       20.65      0.1154      0.1647         0.28
  232       21.13      0.1157      0.1684       0.2841
  233       21.63      0.1161      0.1722       0.2883
  234       22.13      0.1165      0.1761       0.2926
  235       22.65      0.1169      0.1801       0.2969
  236       23.17      0.1172      0.1842       0.3014
  237       23.71      0.1176      0.1883        0.306
  238       24.27      0.1181      0.1926       0.3107
  239       24.83      0.1185       0.197       0.3155
  240       25.41      0.1189      0.2014       0.3204
  241          26      0.1194       0.206       0.3254
  242       26.61      0.1198      0.2107       0.3305
  243       27.23      0.1203      0.2155       0.3358
  244       27.86      0.1207      0.2204       0.3411
  245       28.51      0.1212      0.2254       0.3466
  246       29.17      0.1217      0.2306       0.3523
  247       29.85      0.1222      0.2358        0.358
  248       30.55      0.1227      0.2412       0.3639
  249       31.26      0.1233      0.2467         0.37
  250       31.99      0.1238      0.2523       0.3761
  251       32.73      0.1244      0.2581       0.3825
  252        33.5      0.1249       0.264       0.3889
  253       34.28      0.1255        0.27       0.3955
  254       35.08      0.1261      0.2762       0.4023
  255       35.89      0.1267      0.2825       0.4092
  256       36.73      0.1274       0.289       0.4163
  257       37.58       0.128      0.2956       0.4236
  258       38.46      0.1287      0.3023        0.431
  259       39.36      0.1293      0.3093       0.4386
  260       40.27       0.132      0.3168       0.4487
  261       41.21      0.1395      0.3254       0.4649
  262       42.17      0.1471      0.3343       0.4814
  263       43.15       0.155      0.3434       0.4983
  264       44.16       0.163      0.3526       0.5156
  265       45.19      0.1712      0.3621       0.5333
  266       46.24      0.1796      0.3719       0.5514
  267       47.32      0.1882      0.3818         0.57
  268       48.42       0.197       0.392       0.5889
  269       49.55       0.206      0.4024       0.6084
  270        50.7      0.2152       0.413       0.6282
  271       51.88      0.2246       0.424       0.6485
  272       53.09      0.2342      0.4351       0.6693
  273       54.33      0.2441      0.4465       0.6906
  274       55.59      0.2542      0.4582       0.7124
  275       56.89      0.2645      0.4702       0.7347
  276       58.21      0.2751      0.4824       0.7575
  277       59.57      0.2859      0.4949       0.7808
  278       60.95       0.297      0.5106       0.8076
  279       62.37      0.3083       0.528       0.8363
  280       63.83      0.3199      0.5457       0.8656
  281       65.31      0.3318      0.5639       0.8957
  282       66.83      0.3439      0.5825       0.9264
  283       68.39      0.3563      0.6016       0.9579
  284       69.98       0.369      0.6211       0.9901
  285       71.61       0.382       0.641        1.023
  286       73.28      0.3953      0.6614        1.057
  287       74.99      0.4089      0.6823        1.091
  288       76.74      0.4229      0.7037        1.127
  289       78.52      0.4371      0.7256        1.163
  290       80.35       0.451      0.7458        1.197
  291       82.22      0.4622      0.7575         1.22
  292       84.14      0.4737      0.7695        1.243
  293        86.1      0.4854      0.7817        1.267
  294        88.1      0.4974      0.7942        1.292
  295       90.16      0.5096       0.807        1.317
  296       92.26      0.5222      0.8201        1.342
  297       94.41       0.535      0.8335        1.369
  298       96.61      0.5482      0.8472        1.395
  299       98.86      0.5617      0.8613        1.423
  300       101.2      0.5691      0.8704        1.439
  301       103.5      0.5703      0.8745        1.445
  302       105.9      0.5715      0.8787         1.45
  303       108.4      0.5728       0.883        1.456
  304       110.9       0.574      0.8874        1.461
  305       113.5      0.5754      0.8919        1.467
  306       116.1      0.5767      0.8966        1.473
  307       118.9      0.5781      0.9013        1.479
  308       121.6      0.5782      0.9029        1.481
  309       124.5      0.5775      0.9022         1.48
  310       127.4      0.5768      0.9014        1.478
  311       130.3      0.5761      0.9007        1.477
  312       133.4      0.5753      0.8999        1.475
  313       136.5      0.5746      0.8991        1.474
  314       139.6      0.5738      0.8983        1.472
  315       142.9      0.5737      0.8925        1.466
  316       146.2      0.5736      0.8858        1.459
  317       149.6      0.5736      0.8791        1.453
  318       153.1      0.5736      0.8721        1.446
  319       156.7      0.5736       0.865        1.439
  320       160.3      0.5736      0.8576        1.431
  321       164.1      0.5736      0.8483        1.422
  322       167.9      0.5736      0.8387        1.412
  323       171.8      0.5736      0.8289        1.403
  324       175.8      0.5736       0.819        1.393
  325       179.9      0.5736      0.8087        1.382
  326       184.1      0.5716      0.8003        1.372
  327       188.4      0.5694      0.7918        1.361
  328       192.8      0.5672       0.783         1.35
  329       197.2      0.5649      0.7741        1.339
  330       201.8      0.5626      0.7659        1.328
  331       206.5      0.5603      0.7588        1.319
  332       211.3      0.5579      0.7515        1.309
  333       216.3      0.5554      0.7441          1.3
  334       221.3      0.5527      0.7372         1.29
  335       226.5      0.5492       0.732        1.281
  336       231.7      0.5457      0.7267        1.272
  337       237.1      0.5421      0.7213        1.263
  338       242.7      0.5385      0.7158        1.254
  339       248.3      0.5347      0.7101        1.245
  340       254.1      0.5324      0.7027        1.235
  341         260      0.5306      0.6945        1.225
  342       266.1      0.5288       0.686        1.215
  343       272.3      0.5269      0.6774        1.204
  344       278.6       0.525      0.6685        1.194
  345       285.1       0.523      0.6595        1.182
  346       291.7       0.521      0.6502        1.171
  347       298.5       0.519      0.6407         1.16
  348       305.5       0.509      0.6361        1.145
  349       312.6      0.4967      0.6329         1.13
  350       319.9      0.4841      0.6295        1.114
  351       327.3      0.4712      0.6261        1.097
  352         335      0.4579      0.6226         1.08
  353       342.8      0.4444       0.619        1.063
  354       350.8       0.431      0.6153        1.046
  355       358.9      0.4215      0.6117        1.033
  356       367.3      0.4119       0.608         1.02
  357       375.8       0.402      0.6043        1.006
  358       384.6      0.3919      0.6004       0.9923
  359       393.6      0.3815      0.5965        0.978
  360       402.7       0.372      0.5931       0.9651
  361       412.1      0.3651      0.5912       0.9563
  362       421.7      0.3581      0.5893       0.9473
  363       431.5      0.3508      0.5873       0.9381
  364       441.6      0.3434      0.5853       0.9287
  365       451.9      0.3365      0.5832       0.9197
  366       462.4      0.3327      0.5811       0.9138
  367       473.2      0.3288       0.579       0.9078
  368       484.2      0.3248      0.5768       0.9016
  369       495.5      0.3207      0.5746       0.8953
  370         507      0.3178      0.5737       0.8915
  371       518.8      0.3157      0.5737       0.8894
  372       530.9      0.3135      0.5737       0.8872
  373       543.3      0.3113      0.5737        0.885
  374       555.9       0.309      0.5737       0.8828
  375       568.9      0.3067      0.5737       0.8804
  376       582.1      0.3043      0.5737       0.8781
  377       595.7      0.3019      0.5737       0.8756
  378       609.5      0.3007      0.5752       0.8758
  379       623.7         0.3      0.5773       0.8772
  380       638.3      0.2992      0.5794       0.8787
  381       653.1      0.2985      0.5816       0.8802
  382       668.3      0.2978      0.5839       0.8817
  383       683.9       0.297      0.5862       0.8832
  384       699.8      0.2962      0.5886       0.8848
  385       716.1      0.2962      0.5902       0.8864
  386       732.8      0.2962      0.5919       0.8881
  387       749.9      0.2962      0.5936       0.8898
  388       767.4      0.2962      0.5953       0.8916
  389       785.2      0.2962      0.5971       0.8933
  390       803.5      0.2964      0.5986       0.8951
  391       822.2      0.2974       0.599       0.8964
  392       841.4      0.2983      0.5994       0.8977
  393         861      0.2993      0.5998       0.8991
  394         881      0.3003      0.6002       0.9005
  395       901.6      0.3013      0.6007        0.902
  396       922.6      0.3019      0.6019       0.9039
  397       944.1      0.3026      0.6032       0.9058
  398       966.1      0.3032      0.6045       0.9078
  399       988.6      0.3039      0.6059       0.9098
  400        1012      0.3042      0.6059       0.9101
  401        1035      0.3042      0.6045       0.9088
  402        1059      0.3042      0.6031       0.9074
  403        1084      0.3042      0.6017       0.9059
  404        1109      0.3042      0.6003       0.9045
  405        1135      0.3042      0.5988        0.903
  406        1161      0.3042      0.5972       0.9014
  407        1189      0.3042      0.5957       0.8999
  408        1216      0.3042      0.5941       0.8982
  409        1245      0.3042      0.5924       0.8966
  410        1274      0.3042      0.5907       0.8949
  411        1303      0.3042       0.589       0.8932
  412        1334      0.3042      0.5873       0.8914
  413        1365      0.3042      0.5855       0.8896
  414        1396      0.3042      0.5836       0.8878
  415        1429      0.3042      0.5817       0.8859
  416        1462      0.3042      0.5798        0.884
  417        1496      0.3042      0.5778        0.882
  418        1531      0.3042      0.5758         0.88
  419        1567      0.3042      0.5737       0.8779
  420        1603      0.3042      0.5716       0.8758
  421        1641      0.3042      0.5695       0.8736
  422        1679      0.3042      0.5673       0.8714
  423        1718      0.3041       0.565       0.8691
  424        1758      0.3041      0.5627       0.8668
  425        1799      0.3041      0.5603       0.8644
  426        1841      0.3041      0.5579        0.862
  427        1884      0.3041      0.5554       0.8595
  428        1928      0.3041      0.5528        0.857
  429        1972      0.3041      0.5502       0.8544
  430        2018      0.3035      0.5482       0.8517
  431        2065      0.3018       0.547       0.8489
  432        2113      0.3002      0.5458        0.846
  433        2163      0.2984      0.5446        0.843
  434        2213      0.2967      0.5433         0.84
  435        2265      0.2949      0.5421       0.8369
  436        2317       0.293      0.5407       0.8338
  437        2371      0.2911      0.5394       0.8305
  438        2427      0.2892       0.538       0.8272
  439        2483      0.2872      0.5366       0.8239
  440        2541      0.2852      0.5352       0.8204
  441        2600      0.2832      0.5337       0.8168
  442        2661       0.281      0.5322       0.8132
  443        2723      0.2789      0.5306       0.8095
  444        2786      0.2767      0.5291       0.8057
  445        2851      0.2744      0.5274       0.8018
  446        2917      0.2721      0.5258       0.7979
  447        2985      0.2697      0.5241       0.7938
  448        3055      0.2681      0.5233       0.7914
  449        3126      0.2667      0.5228       0.7895
  450        3199      0.2652      0.5222       0.7875
  451        3273      0.2638      0.5217       0.7854
  452        3350      0.2622      0.5211       0.7833
  453        3428      0.2607      0.5205       0.7812
  454        3508      0.2591      0.5199        0.779
  455        3589      0.2575      0.5193       0.7768
  456        3673      0.2558      0.5187       0.7745
  457        3758      0.2541       0.518       0.7722
  458        3846      0.2524      0.5174       0.7698
  459        3936      0.2506      0.5167       0.7673
  460        4027      0.2488       0.516       0.7648
  461        4121      0.2469      0.5153       0.7622
  462        4217       0.245      0.5146       0.7596
  463        4315       0.243      0.5139       0.7569
  464        4416       0.241      0.5131       0.7542
  465        4519       0.239      0.5123       0.7513
  466        4624      0.2369      0.5115       0.7485
  467        4732      0.2348      0.5107       0.7455
  468        4842      0.2326      0.5099       0.7425
  469        4955      0.2303      0.5091       0.7394
  470        5070      0.2292      0.5084       0.7377
  471        5188      0.2289      0.5079       0.7368
  472        5309      0.2286      0.5074        0.736
  473        5433      0.2283      0.5068       0.7351
  474        5559       0.228      0.5063       0.7343
  475        5689      0.2276      0.5057       0.7333
  476        5821      0.2273      0.5051       0.7324
  477        5957       0.227      0.5045       0.7315
  478        6095      0.2266      0.5039       0.7305
  479        6237      0.2262      0.5033       0.7295
  480        6383      0.2259      0.5027       0.7285
  481        6531      0.2255       0.502       0.7275
  482        6683      0.2251      0.5013       0.7264
  483        6839      0.2247      0.5006       0.7253
  484        6998      0.2243      0.4999       0.7242
  485        7161      0.2238      0.4992       0.7231
  486        7328      0.2234      0.4985       0.7219
  487        7499       0.223      0.4977       0.7207
  488        7674      0.2225       0.497       0.7195
