-------------------------------G4_C
-------------------------------pi+
### Fill Cross Sections for pi+ off C
-------------------------------------------------------------
    N     E(MeV)   Elastic(b)   Inelastic(b)   Total(b)
-------------------------------------------------------------
    0 1.01158e-01     0.00000     0.00000      0.00000
    1 1.03514e-01     0.00000     0.00000      0.00000
    2 1.05925e-01     0.00000     0.00000      0.00000
    3 1.08393e-01     0.00000     0.00000      0.00000
    4 1.10917e-01     0.00000     0.00000      0.00000
    5 1.13501e-01     0.00000     0.00000      0.00000
    6 1.16145e-01     0.00000     0.00000      0.00000
    7 1.18850e-01     0.00000     0.00000      0.00000
    8 1.21619e-01     0.00000     0.00000      0.00000
    9 1.24451e-01     0.00000     0.00000      0.00000
   10 1.27350e-01     0.00000     0.00000      0.00000
   11 1.30317e-01     0.00000     0.00000      0.00000
   12 1.33352e-01     0.00000     0.00000      0.00000
   13 1.36458e-01     0.00000     0.00000      0.00000
   14 1.39637e-01     0.00000     0.00000      0.00000
   15 1.42889e-01     0.00000     0.00000      0.00000
   16 1.46218e-01     0.00000     0.00000      0.00000
   17 1.49624e-01     0.00000     0.00000      0.00000
   18 1.53109e-01     0.00000     0.00000      0.00000
   19 1.56675e-01     0.00000     0.00000      0.00000
   20 1.60325e-01     0.00000     0.00000      0.00000
   21 1.64059e-01     0.00000     0.00000      0.00000
   22 1.67880e-01     0.00000     0.00000      0.00000
   23 1.71791e-01     0.00000     0.00000      0.00000
   24 1.75792e-01     0.00000     0.00000      0.00000
   25 1.79887e-01     0.00000     0.00000      0.00000
   26 1.84077e-01     0.00000     0.00000      0.00000
   27 1.88365e-01     0.00000     0.00000      0.00000
   28 1.92752e-01     0.00000     0.00000      0.00000
   29 1.97242e-01     0.00000     0.00000      0.00000
   30 2.01837e-01     0.00000     0.00000      0.00000
   31 2.06538e-01     0.00000     0.00000      0.00000
   32 2.11349e-01     0.00000     0.00000      0.00000
   33 2.16272e-01     0.00000     0.00000      0.00000
   34 2.21309e-01     0.00000     0.00000      0.00000
   35 2.26464e-01     0.00000     0.00000      0.00000
   36 2.31739e-01     0.00000     0.00000      0.00000
   37 2.37137e-01     0.00000     0.00000      0.00000
   38 2.42661e-01     0.00000     0.00000      0.00000
   39 2.48313e-01     0.00000     0.00000      0.00000
   40 2.54097e-01     0.00000     0.00000      0.00000
   41 2.60016e-01     0.00000     0.00000      0.00000
   42 2.66073e-01     0.00000     0.00000      0.00000
   43 2.72270e-01     0.00000     0.00000      0.00000
   44 2.78612e-01     0.00000     0.00000      0.00000
   45 2.85102e-01     0.00000     0.00000      0.00000
   46 2.91743e-01     0.00000     0.00000      0.00000
   47 2.98538e-01     0.00000     0.00000      0.00000
   48 3.05492e-01     0.00000     0.00000      0.00000
   49 3.12608e-01     0.00000     0.00000      0.00000
   50 3.19890e-01     0.00000     0.00000      0.00000
   51 3.27341e-01     0.00000     0.00000      0.00000
   52 3.34965e-01     0.00000     0.00000      0.00000
   53 3.42768e-01     0.00000     0.00000      0.00000
   54 3.50752e-01     0.00000     0.00000      0.00000
   55 3.58922e-01     0.00000     0.00000      0.00000
   56 3.67282e-01     0.00000     0.00000      0.00000
   57 3.75837e-01     0.00000     0.00000      0.00000
   58 3.84592e-01     0.00000     0.00000      0.00000
   59 3.93550e-01     0.00000     0.00000      0.00000
   60 4.02717e-01     0.00000     0.00000      0.00000
   61 4.12098e-01     0.00000     0.00000      0.00000
   62 4.21697e-01     0.00000     0.00000      0.00000
   63 4.31519e-01     0.00000     0.00000      0.00000
   64 4.41570e-01     0.00000     0.00000      0.00000
   65 4.51856e-01     0.00000     0.00000      0.00000
   66 4.62381e-01     0.00000     0.00000      0.00000
   67 4.73151e-01     0.00000     0.00000      0.00000
   68 4.84172e-01     0.00000     0.00000      0.00000
   69 4.95450e-01     0.00000     0.00000      0.00000
   70 5.06991e-01     0.00000     0.00000      0.00000
   71 5.18800e-01     0.00000     0.00000      0.00000
   72 5.30884e-01     0.00000     0.00000      0.00000
   73 5.43250e-01     0.00000     0.00000      0.00000
   74 5.55904e-01     0.00000     0.00000      0.00000
   75 5.68853e-01     0.00000     0.00000      0.00000
   76 5.82103e-01     0.00000     0.00000      0.00000
   77 5.95662e-01     0.00000     0.00000      0.00000
   78 6.09537e-01     0.00000     0.00000      0.00000
   79 6.23735e-01     0.00000     0.00000      0.00000
   80 6.38263e-01     0.00000     0.00000      0.00000
   81 6.53131e-01     0.00000     0.00000      0.00000
   82 6.68344e-01     0.00000     0.00000      0.00000
   83 6.83912e-01     0.00000     0.00000      0.00000
   84 6.99842e-01     0.00000     0.00000      0.00000
   85 7.16143e-01     0.00000     0.00000      0.00000
   86 7.32825e-01     0.00000     0.00000      0.00000
   87 7.49894e-01     0.00000     0.00000      0.00000
   88 7.67361e-01     0.00000     0.00000      0.00000
   89 7.85236e-01     0.00000     0.00000      0.00000
   90 8.03526e-01     0.00000     0.00000      0.00000
   91 8.22243e-01     0.00000     0.00000      0.00000
   92 8.41395e-01     0.00000     0.00000      0.00000
   93 8.60994e-01     0.00000     0.00000      0.00000
   94 8.81049e-01     0.00000     0.00000      0.00000
   95 9.01571e-01     0.00000     0.00000      0.00000
   96 9.22571e-01     0.00000     0.00000      0.00000
   97 9.44061e-01     0.00000     0.00000      0.00000
   98 9.66051e-01     0.00000     0.00000      0.00000
   99 9.88553e-01     0.00000     0.00000      0.00000
  100 1.01158e+00     0.00000     0.00000      0.00000
  101 1.03514e+00     0.00000     0.00000      0.00000
  102 1.05925e+00     0.00069     0.00141      0.00209
  103 1.08393e+00     0.00178     0.00363      0.00541
  104 1.10917e+00     0.00284     0.00581      0.00865
  105 1.13501e+00     0.00388     0.00793      0.01181
  106 1.16145e+00     0.00490     0.01001      0.01491
  107 1.18850e+00     0.00589     0.01204      0.01793
  108 1.21619e+00     0.00686     0.01402      0.02088
  109 1.24451e+00     0.00781     0.01596      0.02377
  110 1.27350e+00     0.00874     0.01785      0.02659
  111 1.30317e+00     0.00964     0.01971      0.02935
  112 1.33352e+00     0.01053     0.02151      0.03204
  113 1.36458e+00     0.01139     0.02328      0.03468
  114 1.39637e+00     0.01224     0.02501      0.03725
  115 1.42889e+00     0.01307     0.02670      0.03976
  116 1.46218e+00     0.01387     0.02835      0.04222
  117 1.49624e+00     0.01466     0.02996      0.04462
  118 1.53109e+00     0.01543     0.03154      0.04697
  119 1.56675e+00     0.01619     0.03308      0.04926
  120 1.60325e+00     0.01692     0.03458      0.05150
  121 1.64059e+00     0.01764     0.03605      0.05369
  122 1.67880e+00     0.01835     0.03749      0.05583
  123 1.71791e+00     0.01903     0.03889      0.05792
  124 1.75792e+00     0.01970     0.04026      0.05997
  125 1.79887e+00     0.02036     0.04161      0.06197
  126 1.84077e+00     0.02100     0.04292      0.06392
  127 1.88365e+00     0.02163     0.04420      0.06582
  128 1.92752e+00     0.02224     0.04545      0.06769
  129 1.97242e+00     0.02284     0.04667      0.06951
  130 2.01837e+00     0.02342     0.04787      0.07129
  131 2.06538e+00     0.02400     0.04903      0.07303
  132 2.11349e+00     0.02455     0.05018      0.07473
  133 2.16272e+00     0.02510     0.05129      0.07639
  134 2.21309e+00     0.02563     0.05238      0.07801
  135 2.26464e+00     0.02615     0.05345      0.07960
  136 2.31739e+00     0.02666     0.05449      0.08115
  137 2.37137e+00     0.02716     0.05550      0.08267
  138 2.42661e+00     0.02765     0.05650      0.08415
  139 2.48313e+00     0.02812     0.05747      0.08559
  140 2.54097e+00     0.02859     0.05842      0.08701
  141 2.60016e+00     0.02904     0.05935      0.08839
  142 2.66073e+00     0.02949     0.06025      0.08974
  143 2.72270e+00     0.02992     0.06114      0.09106
  144 2.78612e+00     0.03034     0.06201      0.09235
  145 2.85102e+00     0.03076     0.06285      0.09361
  146 2.91743e+00     0.03116     0.06368      0.09484
  147 2.98538e+00     0.03156     0.06449      0.09604
  148 3.05492e+00     0.03194     0.06528      0.09722
  149 3.12608e+00     0.03232     0.06605      0.09837
  150 3.19890e+00     0.03269     0.06680      0.09949
  151 3.27341e+00     0.03305     0.06754      0.10059
  152 3.34965e+00     0.03340     0.06826      0.10166
  153 3.42768e+00     0.03375     0.06896      0.10271
  154 3.50752e+00     0.03408     0.06965      0.10374
  155 3.58922e+00     0.03441     0.07032      0.10474
  156 3.67282e+00     0.03474     0.07098      0.10572
  157 3.75837e+00     0.03505     0.07162      0.10667
  158 3.84592e+00     0.03536     0.07225      0.10761
  159 3.93550e+00     0.03566     0.07286      0.10852
  160 4.02717e+00     0.03595     0.07346      0.10941
  161 4.12098e+00     0.03624     0.07405      0.11028
  162 4.21697e+00     0.03652     0.07462      0.11113
  163 4.31519e+00     0.03679     0.07518      0.11197
  164 4.41570e+00     0.03706     0.07572      0.11278
  165 4.51856e+00     0.03732     0.07626      0.11358
  166 4.62381e+00     0.03757     0.07678      0.11435
  167 4.73151e+00     0.03782     0.07729      0.11511
  168 4.84172e+00     0.03807     0.07779      0.11585
  169 4.95450e+00     0.03830     0.07827      0.11658
  170 5.06991e+00     0.03854     0.07875      0.11729
  171 5.18800e+00     0.03877     0.07922      0.11798
  172 5.30884e+00     0.03899     0.07967      0.11866
  173 5.43250e+00     0.03920     0.08011      0.11932
  174 5.55904e+00     0.03942     0.08055      0.11997
  175 5.68853e+00     0.03962     0.08097      0.12060
  176 5.82103e+00     0.03983     0.08139      0.12121
  177 5.95662e+00     0.04003     0.08179      0.12182
  178 6.09537e+00     0.04022     0.08219      0.12241
  179 6.23735e+00     0.04041     0.08257      0.12298
  180 6.38263e+00     0.04059     0.08295      0.12355
  181 6.53131e+00     0.04077     0.08332      0.12410
  182 6.68344e+00     0.04095     0.08368      0.12463
  183 6.83912e+00     0.04112     0.08404      0.12516
  184 6.99842e+00     0.04129     0.08438      0.12567
  185 7.16143e+00     0.04146     0.08472      0.12617
  186 7.32825e+00     0.04162     0.08505      0.12666
  187 7.49894e+00     0.04178     0.08537      0.12714
  188 7.67361e+00     0.04193     0.08568      0.12761
  189 7.85236e+00     0.04208     0.08599      0.12807
  190 8.03526e+00     0.04223     0.08629      0.12852
  191 8.22243e+00     0.04237     0.08658      0.12895
  192 8.41395e+00     0.04251     0.08687      0.12938
  193 8.60994e+00     0.04265     0.08715      0.12980
  194 8.81049e+00     0.04278     0.08742      0.13021
  195 9.01571e+00     0.04291     0.08769      0.13060
  196 9.22571e+00     0.04304     0.08795      0.13099
  197 9.44061e+00     0.04317     0.08821      0.13137
  198 9.66051e+00     0.04329     0.08846      0.13175
  199 9.88553e+00     0.04341     0.08870      0.13211
  200 1.01158e+01     0.04352     0.08894      0.13246
  201 1.03514e+01     0.04364     0.08917      0.13281
  202 1.05925e+01     0.04375     0.08940      0.13315
  203 1.08393e+01     0.04386     0.08962      0.13348
  204 1.10917e+01     0.04396     0.08984      0.13381
  205 1.13501e+01     0.04407     0.09005      0.13412
  206 1.16145e+01     0.04417     0.09026      0.13443
  207 1.18850e+01     0.04427     0.09046      0.13473
  208 1.21619e+01     0.04437     0.09066      0.13503
  209 1.24451e+01     0.04446     0.09086      0.13532
  210 1.27350e+01     0.04455     0.09105      0.13560
  211 1.30317e+01     0.04464     0.09123      0.13588
  212 1.33352e+01     0.04473     0.09141      0.13615
  213 1.36458e+01     0.04482     0.09159      0.13641
  214 1.39637e+01     0.04490     0.09176      0.13667
  215 1.42889e+01     0.04499     0.09193      0.13692
  216 1.46218e+01     0.04507     0.09210      0.13716
  217 1.49624e+01     0.04515     0.09226      0.13740
  218 1.53109e+01     0.04522     0.09241      0.13764
  219 1.56675e+01     0.04530     0.09257      0.13787
  220 1.60325e+01     0.04537     0.09272      0.13809
  221 1.64059e+01     0.04544     0.09287      0.13831
  222 1.67880e+01     0.04552     0.09301      0.13852
  223 1.71791e+01     0.04558     0.09315      0.13873
  224 1.75792e+01     0.04565     0.09329      0.13894
  225 1.79887e+01     0.04572     0.09342      0.13914
  226 1.84077e+01     0.04578     0.09355      0.13933
  227 1.88365e+01     0.04584     0.09368      0.13952
  228 1.92752e+01     0.04590     0.09381      0.13971
  229 1.97242e+01     0.04596     0.09393      0.13989
  230 2.01837e+01     0.04613     0.09435      0.14048
  231 2.06538e+01     0.04646     0.09524      0.14170
  232 2.11349e+01     0.04679     0.09616      0.14295
  233 2.16272e+01     0.04714     0.09709      0.14423
  234 2.21309e+01     0.04749     0.09805      0.14554
  235 2.26464e+01     0.04785     0.09903      0.14688
  236 2.31739e+01     0.04822     0.10003      0.14825
  237 2.37137e+01     0.04860     0.10106      0.14966
  238 2.42661e+01     0.04899     0.10211      0.15109
  239 2.48313e+01     0.04938     0.10318      0.15256
  240 2.54097e+01     0.04979     0.10428      0.15407
  241 2.60016e+01     0.05020     0.10540      0.15560
  242 2.66073e+01     0.05063     0.10655      0.15718
  243 2.72270e+01     0.05106     0.10773      0.15879
  244 2.78612e+01     0.05150     0.10894      0.16044
  245 2.85102e+01     0.05196     0.11017      0.16213
  246 2.91743e+01     0.05242     0.11143      0.16385
  247 2.98538e+01     0.05290     0.11272      0.16562
  248 3.05492e+01     0.05338     0.11404      0.16743
  249 3.12608e+01     0.05388     0.11540      0.16928
  250 3.19890e+01     0.05439     0.11678      0.17117
  251 3.27341e+01     0.05491     0.11819      0.17311
  252 3.34965e+01     0.05545     0.11964      0.17509
  253 3.42768e+01     0.05599     0.12113      0.17712
  254 3.50752e+01     0.05655     0.12264      0.17920
  255 3.58922e+01     0.05712     0.12420      0.18132
  256 3.67282e+01     0.05771     0.12578      0.18349
  257 3.75837e+01     0.05831     0.12741      0.18572
  258 3.84592e+01     0.05892     0.12907      0.18799
  259 3.93550e+01     0.05955     0.13077      0.19032
  260 4.02717e+01     0.06068     0.13271      0.19339
  261 4.12098e+01     0.06302     0.13515      0.19817
  262 4.21697e+01     0.06542     0.13764      0.20307
  263 4.31519e+01     0.06788     0.14019      0.20807
  264 4.41570e+01     0.07039     0.14281      0.21320
  265 4.51856e+01     0.07296     0.14548      0.21845
  266 4.62381e+01     0.07560     0.14822      0.22381
  267 4.73151e+01     0.07829     0.15102      0.22931
  268 4.84172e+01     0.08104     0.15388      0.23493
  269 4.95450e+01     0.08386     0.15682      0.24068
  270 5.06991e+01     0.08675     0.15982      0.24657
  271 5.18800e+01     0.08970     0.16289      0.25259
  272 5.30884e+01     0.09272     0.16603      0.25875
  273 5.43250e+01     0.09581     0.16925      0.26506
  274 5.55904e+01     0.09898     0.17254      0.27151
  275 5.68853e+01     0.10221     0.17590      0.27811
  276 5.82103e+01     0.10553     0.17935      0.28487
  277 5.95662e+01     0.10892     0.18287      0.29179
  278 6.09537e+01     0.11277     0.18762      0.30039
  279 6.23735e+01     0.11688     0.19302      0.30990
  280 6.38263e+01     0.12110     0.19854      0.31964
  281 6.53131e+01     0.12541     0.20419      0.32960
  282 6.68344e+01     0.12982     0.20997      0.33979
  283 6.83912e+01     0.13433     0.21589      0.35022
  284 6.99842e+01     0.13895     0.22194      0.36089
  285 7.16143e+01     0.14368     0.22813      0.37182
  286 7.32825e+01     0.14852     0.23447      0.38299
  287 7.49894e+01     0.15347     0.24096      0.39443
  288 7.67361e+01     0.15853     0.24760      0.40613
  289 7.85236e+01     0.16372     0.25439      0.41811
  290 8.03526e+01     0.16899     0.26194      0.43093
  291 8.22243e+01     0.17423     0.27223      0.44646
  292 8.41395e+01     0.17959     0.28277      0.46236
  293 8.60994e+01     0.18508     0.29355      0.47862
  294 8.81049e+01     0.19069     0.30458      0.49527
  295 9.01571e+01     0.19644     0.31586      0.51230
  296 9.22571e+01     0.20232     0.32741      0.52973
  297 9.44061e+01     0.20834     0.33923      0.54757
  298 9.66051e+01     0.21449     0.35133      0.56582
  299 9.88553e+01     0.22079     0.36370      0.58450
  300 1.01158e+02     0.22632     0.37324      0.59956
  301 1.03514e+02     0.23103     0.37984      0.61087
  302 1.05925e+02     0.23585     0.38659      0.62244
  303 1.08393e+02     0.24079     0.39350      0.63428
  304 1.10917e+02     0.24492     0.39892      0.64383
  305 1.13501e+02     0.24750     0.40150      0.64900
  306 1.16145e+02     0.25014     0.40414      0.65429
  307 1.18850e+02     0.25285     0.40685      0.65970
  308 1.21619e+02     0.25610     0.40994      0.66605
  309 1.24451e+02     0.25979     0.41334      0.67313
  310 1.27350e+02     0.26356     0.41682      0.68038
  311 1.30317e+02     0.26675     0.42019      0.68694
  312 1.33352e+02     0.26432     0.42201      0.68633
  313 1.36458e+02     0.26183     0.42387      0.68571
  314 1.39637e+02     0.25929     0.42578      0.68507
  315 1.42889e+02     0.25929     0.42658      0.68587
  316 1.46218e+02     0.25962     0.42724      0.68687
  317 1.49624e+02     0.25996     0.42792      0.68789
  318 1.53109e+02     0.26000     0.42676      0.68676
  319 1.56675e+02     0.26000     0.42533      0.68533
  320 1.60325e+02     0.25987     0.42374      0.68361
  321 1.64059e+02     0.25838     0.42075      0.67913
  322 1.67880e+02     0.25685     0.41770      0.67454
  323 1.71791e+02     0.25600     0.41313      0.66913
  324 1.75792e+02     0.25600     0.40673      0.66273
  325 1.79887e+02     0.25600     0.40018      0.65618
  326 1.84077e+02     0.25355     0.39715      0.65070
  327 1.88365e+02     0.25098     0.39414      0.64513
  328 1.92752e+02     0.24835     0.39107      0.63942
  329 1.97242e+02     0.24565     0.38793      0.63359
  330 2.01837e+02     0.24290     0.38416      0.62706
  331 2.06538e+02     0.24008     0.37946      0.61954
  332 2.11349e+02     0.23719     0.37465      0.61184
  333 2.16272e+02     0.23424     0.36973      0.60397
  334 2.21309e+02     0.23167     0.36430      0.59597
  335 2.26464e+02     0.23038     0.35760      0.58798
  336 2.31739e+02     0.22907     0.35074      0.57980
  337 2.37137e+02     0.22772     0.34372      0.57144
  338 2.42661e+02     0.22673     0.33574      0.56248
  339 2.48313e+02     0.22617     0.32670      0.55287
  340 2.54097e+02     0.22559     0.31744      0.54303
  341 2.60016e+02     0.22499     0.30799      0.53298
  342 2.66073e+02     0.22045     0.30375      0.52419
  343 2.72270e+02     0.21580     0.29941      0.51521
  344 2.78612e+02     0.21104     0.29497      0.50601
  345 2.85102e+02     0.20592     0.29043      0.49635
  346 2.91743e+02     0.20061     0.28578      0.48639
  347 2.98538e+02     0.19517     0.28102      0.47619
  348 3.05492e+02     0.19016     0.27747      0.46763
  349 3.12608e+02     0.18517     0.27420      0.45937
  350 3.19890e+02     0.18008     0.27085      0.45093
  351 3.27341e+02     0.17486     0.26742      0.44228
  352 3.34965e+02     0.16952     0.26392      0.43344
  353 3.42768e+02     0.16406     0.26033      0.42439
  354 3.50752e+02     0.15853     0.25676      0.41529
  355 3.58922e+02     0.15347     0.25414      0.40761
  356 3.67282e+02     0.14828     0.25147      0.39975
  357 3.75837e+02     0.14298     0.24873      0.39171
  358 3.84592e+02     0.13755     0.24593      0.38348
  359 3.93550e+02     0.13200     0.24306      0.37506
  360 4.02717e+02     0.12648     0.24073      0.36721
  361 4.12098e+02     0.12123     0.23979      0.36102
  362 4.21697e+02     0.11585     0.23883      0.35468
  363 4.31519e+02     0.11035     0.23785      0.34820
  364 4.41570e+02     0.10472     0.23684      0.34156
  365 4.51856e+02     0.09955     0.23581      0.33537
  366 4.62381e+02     0.09703     0.23476      0.33179
  367 4.73151e+02     0.09444     0.23368      0.32813
  368 4.84172e+02     0.09180     0.23258      0.32438
  369 4.95450e+02     0.08909     0.23145      0.32055
  370 5.06991e+02     0.08660     0.23114      0.31774
  371 5.18800e+02     0.08424     0.23138      0.31562
  372 5.30884e+02     0.08182     0.23162      0.31344
  373 5.43250e+02     0.07935     0.23187      0.31121
  374 5.55904e+02     0.07824     0.23224      0.31047
  375 5.68853e+02     0.07875     0.23275      0.31151
  376 5.82103e+02     0.07900     0.23328      0.31228
  377 5.95662e+02     0.07900     0.23383      0.31283
  378 6.09537e+02     0.07919     0.23438      0.31357
  379 6.23735e+02     0.07947     0.23495      0.31442
  380 6.38263e+02     0.07977     0.23553      0.31530
  381 6.53131e+02     0.08006     0.23613      0.31619
  382 6.68344e+02     0.08037     0.23673      0.31710
  383 6.83912e+02     0.08068     0.23736      0.31803
  384 6.99842e+02     0.08100     0.23799      0.31899
  385 7.16143e+02     0.08197     0.23929      0.32126
  386 7.32825e+02     0.08297     0.24063      0.32360
  387 7.49894e+02     0.08399     0.24199      0.32599
  388 7.67361e+02     0.08504     0.24339      0.32843
  389 7.85236e+02     0.08611     0.24482      0.33093
  390 8.03526e+02     0.08711     0.24621      0.33332
  391 8.22243e+02     0.08767     0.24733      0.33500
  392 8.41395e+02     0.08824     0.24848      0.33673
  393 8.60994e+02     0.08883     0.24966      0.33849
  394 8.81049e+02     0.08943     0.25086      0.34029
  395 9.01571e+02     0.09003     0.25206      0.34209
  396 9.22571e+02     0.09045     0.25290      0.34335
  397 9.44061e+02     0.09088     0.25376      0.34464
  398 9.66051e+02     0.09132     0.25464      0.34596
  399 9.88553e+02     0.09177     0.25554      0.34731
  400 1.01158e+03     0.09198     0.25558      0.34756
  401 1.03514e+03     0.09193     0.25473      0.34666
  402 1.05925e+03     0.09188     0.25387      0.34575
  403 1.08393e+03     0.09183     0.25298      0.34481
  404 1.10917e+03     0.09178     0.25207      0.34385
  405 1.13501e+03     0.09173     0.25114      0.34287
  406 1.16145e+03     0.09168     0.25019      0.34186
  407 1.18850e+03     0.09162     0.24921      0.34084
  408 1.21619e+03     0.09157     0.24822      0.33978
  409 1.24451e+03     0.09151     0.24720      0.33871
  410 1.27350e+03     0.09145     0.24615      0.33761
  411 1.30317e+03     0.09139     0.24509      0.33648
  412 1.33352e+03     0.09133     0.24399      0.33533
  413 1.36458e+03     0.09127     0.24288      0.33415
  414 1.39637e+03     0.09121     0.24173      0.33294
  415 1.42889e+03     0.09114     0.24056      0.33170
  416 1.46218e+03     0.09108     0.23936      0.33044
  417 1.49624e+03     0.09101     0.23814      0.32914
  418 1.53109e+03     0.09094     0.23688      0.32782
  419 1.56675e+03     0.09087     0.23560      0.32646
  420 1.60325e+03     0.09079     0.23428      0.32508
  421 1.64059e+03     0.09072     0.23294      0.32366
  422 1.67880e+03     0.09064     0.23156      0.32221
  423 1.71791e+03     0.09056     0.23016      0.32072
  424 1.75792e+03     0.09048     0.22871      0.31920
  425 1.79887e+03     0.09040     0.22724      0.31764
  426 1.84077e+03     0.09032     0.22573      0.31605
  427 1.88365e+03     0.09023     0.22419      0.31442
  428 1.92752e+03     0.09014     0.22261      0.31275
  429 1.97242e+03     0.09006     0.22099      0.31105
  430 2.01837e+03     0.08982     0.21982      0.30963
  431 2.06538e+03     0.08935     0.21935      0.30869
  432 2.11349e+03     0.08887     0.21887      0.30773
  433 2.16272e+03     0.08837     0.21837      0.30675
  434 2.21309e+03     0.08787     0.21787      0.30574
  435 2.26464e+03     0.08735     0.21735      0.30471
  436 2.31739e+03     0.08683     0.21683      0.30365
  437 2.37137e+03     0.08629     0.21629      0.30257
  438 2.42661e+03     0.08573     0.21573      0.30147
  439 2.48313e+03     0.08517     0.21517      0.30034
  440 2.54097e+03     0.08459     0.21459      0.29918
  441 2.60016e+03     0.08400     0.21400      0.29800
  442 2.66073e+03     0.08339     0.21339      0.29679
  443 2.72270e+03     0.08277     0.21277      0.29555
  444 2.78612e+03     0.08214     0.21214      0.29428
  445 2.85102e+03     0.08149     0.21149      0.29298
  446 2.91743e+03     0.08083     0.21083      0.29165
  447 2.98538e+03     0.08015     0.21015      0.29029
  448 3.05492e+03     0.07973     0.20967      0.28940
  449 3.12608e+03     0.07937     0.20924      0.28861
  450 3.19890e+03     0.07901     0.20881      0.28781
  451 3.27341e+03     0.07863     0.20836      0.28699
  452 3.34965e+03     0.07825     0.20790      0.28615
  453 3.42768e+03     0.07786     0.20743      0.28530
  454 3.50752e+03     0.07746     0.20695      0.28442
  455 3.58922e+03     0.07705     0.20646      0.28352
  456 3.67282e+03     0.07664     0.20596      0.28260
  457 3.75837e+03     0.07621     0.20545      0.28166
  458 3.84592e+03     0.07577     0.20492      0.28069
  459 3.93550e+03     0.07532     0.20439      0.27971
  460 4.02717e+03     0.07486     0.20384      0.27870
  461 4.12098e+03     0.07440     0.20327      0.27767
  462 4.21697e+03     0.07392     0.20270      0.27661
  463 4.31519e+03     0.07342     0.20211      0.27553
  464 4.41570e+03     0.07292     0.20151      0.27443
  465 4.51856e+03     0.07241     0.20089      0.27330
  466 4.62381e+03     0.07188     0.20026      0.27214
  467 4.73151e+03     0.07134     0.19961      0.27095
  468 4.84172e+03     0.07079     0.19895      0.26974
  469 4.95450e+03     0.07023     0.19827      0.26850
  470 5.06991e+03     0.06990     0.19785      0.26775
  471 5.18800e+03     0.06974     0.19759      0.26732
  472 5.30884e+03     0.06957     0.19732      0.26689
  473 5.43250e+03     0.06939     0.19705      0.26644
  474 5.55904e+03     0.06922     0.19677      0.26599
  475 5.68853e+03     0.06904     0.19649      0.26552
  476 5.82103e+03     0.06885     0.19619      0.26504
  477 5.95662e+03     0.06866     0.19590      0.26456
  478 6.09537e+03     0.06847     0.19559      0.26406
  479 6.23735e+03     0.06827     0.19528      0.26355
  480 6.38263e+03     0.06806     0.19496      0.26302
  481 6.53131e+03     0.06786     0.19463      0.26249
  482 6.68344e+03     0.06764     0.19430      0.26194
  483 6.83912e+03     0.06743     0.19395      0.26138
  484 6.99842e+03     0.06720     0.19360      0.26081
  485 7.16143e+03     0.06697     0.19324      0.26022
  486 7.32825e+03     0.06674     0.19288      0.25962
  487 7.49894e+03     0.06650     0.19250      0.25900
  488 7.67361e+03     0.06626     0.19212      0.25837
  489 7.85236e+03     0.06601     0.19172      0.25773
  490 8.03526e+03     0.06575     0.19132      0.25707
  491 8.22243e+03     0.06549     0.19091      0.25640
  492 8.41395e+03     0.06522     0.19049      0.25571
  493 8.60994e+03     0.06495     0.19006      0.25500
  494 8.81049e+03     0.06467     0.18962      0.25428
  495 9.01571e+03     0.06438     0.18917      0.25354
  496 9.22571e+03     0.06408     0.18870      0.25279
  497 9.44061e+03     0.06378     0.18823      0.25201
  498 9.66051e+03     0.06348     0.18775      0.25122
  499 9.88553e+03     0.06316     0.18725      0.25041
  500 1.01158e+04     0.06299     0.18695      0.24994
  501 1.03514e+04     0.06296     0.18686      0.24982
  502 1.05925e+04     0.06294     0.18676      0.24970
  503 1.08393e+04     0.06292     0.18666      0.24958
  504 1.10917e+04     0.06289     0.18656      0.24945
  505 1.13501e+04     0.06286     0.18646      0.24932
  506 1.16145e+04     0.06284     0.18635      0.24919
  507 1.18850e+04     0.06281     0.18625      0.24906
  508 1.21619e+04     0.06278     0.18614      0.24892
  509 1.24451e+04     0.06276     0.18602      0.24878
  510 1.27350e+04     0.06273     0.18591      0.24863
  511 1.30317e+04     0.06270     0.18579      0.24848
  512 1.33352e+04     0.06267     0.18567      0.24833
  513 1.36458e+04     0.06264     0.18554      0.24818
  514 1.39637e+04     0.06260     0.18541      0.24802
  515 1.42889e+04     0.06257     0.18528      0.24786
  516 1.46218e+04     0.06254     0.18515      0.24769
  517 1.49624e+04     0.06250     0.18502      0.24752
  518 1.53109e+04     0.06247     0.18488      0.24734
  519 1.56675e+04     0.06243     0.18473      0.24717
  520 1.60325e+04     0.06240     0.18459      0.24698
  521 1.64059e+04     0.06236     0.18444      0.24680
  522 1.67880e+04     0.06232     0.18428      0.24661
  523 1.71791e+04     0.06228     0.18413      0.24641
  524 1.75792e+04     0.06224     0.18397      0.24621
  525 1.79887e+04     0.06220     0.18380      0.24601
  526 1.84077e+04     0.06216     0.18364      0.24580
  527 1.88365e+04     0.06212     0.18347      0.24558
  528 1.92752e+04     0.06207     0.18329      0.24536
  529 1.97242e+04     0.06203     0.18311      0.24514
  530 2.01837e+04     0.06199     0.18296      0.24495
  531 2.06538e+04     0.06198     0.18285      0.24483
  532 2.11349e+04     0.06196     0.18274      0.24470
  533 2.16272e+04     0.06195     0.18262      0.24457
  534 2.21309e+04     0.06193     0.18250      0.24443
  535 2.26464e+04     0.06191     0.18238      0.24429
  536 2.31739e+04     0.06189     0.18226      0.24415
  537 2.37137e+04     0.06188     0.18213      0.24401
  538 2.42661e+04     0.06186     0.18200      0.24386
  539 2.48313e+04     0.06184     0.18187      0.24371
  540 2.54097e+04     0.06182     0.18174      0.24356
  541 2.60016e+04     0.06180     0.18160      0.24340
  542 2.66073e+04     0.06178     0.18146      0.24324
  543 2.72270e+04     0.06176     0.18131      0.24307
  544 2.78612e+04     0.06174     0.18117      0.24290
  545 2.85102e+04     0.06172     0.18101      0.24273
  546 2.91743e+04     0.06169     0.18086      0.24255
  547 2.98538e+04     0.06167     0.18070      0.24237
  548 3.05492e+04     0.06165     0.18054      0.24219
  549 3.12608e+04     0.06162     0.18037      0.24200
  550 3.19890e+04     0.06160     0.18020      0.24180
  551 3.27341e+04     0.06158     0.18003      0.24160
  552 3.34965e+04     0.06155     0.17985      0.24140
  553 3.42768e+04     0.06152     0.17967      0.24119
  554 3.50752e+04     0.06150     0.17948      0.24098
  555 3.58922e+04     0.06147     0.17929      0.24076
  556 3.67282e+04     0.06144     0.17910      0.24054
  557 3.75837e+04     0.06141     0.17890      0.24031
  558 3.84592e+04     0.06138     0.17869      0.24008
  559 3.93550e+04     0.06135     0.17848      0.23984
  560 4.02717e+04     0.06132     0.17827      0.23959
  561 4.12098e+04     0.06129     0.17805      0.23934
  562 4.21697e+04     0.06126     0.17783      0.23909
  563 4.31519e+04     0.06123     0.17760      0.23883
  564 4.41570e+04     0.06119     0.17736      0.23856
  565 4.51856e+04     0.06116     0.17712      0.23828
  566 4.62381e+04     0.06113     0.17688      0.23800
  567 4.73151e+04     0.06109     0.17663      0.23772
  568 4.84172e+04     0.06105     0.17637      0.23742
  569 4.95450e+04     0.06102     0.17611      0.23712
  570 5.06991e+04     0.06099     0.17597      0.23696
  571 5.18800e+04     0.06096     0.17592      0.23689
  572 5.30884e+04     0.06094     0.17588      0.23681
  573 5.43250e+04     0.06091     0.17583      0.23674
  574 5.55904e+04     0.06089     0.17578      0.23666
  575 5.68853e+04     0.06086     0.17572      0.23659
  576 5.82103e+04     0.06084     0.17567      0.23651
  577 5.95662e+04     0.06081     0.17562      0.23643
  578 6.09537e+04     0.06078     0.17556      0.23634
  579 6.23735e+04     0.06075     0.17551      0.23626
  580 6.38263e+04     0.06072     0.17545      0.23617
  581 6.53131e+04     0.06069     0.17539      0.23608
  582 6.68344e+04     0.06066     0.17533      0.23599
  583 6.83912e+04     0.06063     0.17526      0.23590
  584 6.99842e+04     0.06060     0.17520      0.23580
  585 7.16143e+04     0.06057     0.17514      0.23570
  586 7.32825e+04     0.06053     0.17507      0.23560
  587 7.49894e+04     0.06050     0.17500      0.23550
  588 7.67361e+04     0.06047     0.17493      0.23540
  589 7.85236e+04     0.06043     0.17486      0.23529
  590 8.03526e+04     0.06039     0.17479      0.23518
  591 8.22243e+04     0.06036     0.17471      0.23507
  592 8.41395e+04     0.06032     0.17463      0.23495
  593 8.60994e+04     0.06028     0.17456      0.23483
  594 8.81049e+04     0.06024     0.17448      0.23471
  595 9.01571e+04     0.06020     0.17439      0.23459
  596 9.22571e+04     0.06020     0.17440      0.23460
  597 9.44061e+04     0.06025     0.17446      0.23471
  598 9.66051e+04     0.06029     0.17453      0.23482
  599 9.88553e+04     0.06033     0.17460      0.23493
  600 1.01158e+05     0.06038     0.17467      0.23505
  601 1.03514e+05     0.06043     0.17474      0.23517
  602 1.05925e+05     0.06048     0.17482      0.23530
  603 1.08393e+05     0.06053     0.17490      0.23543
  604 1.10917e+05     0.06059     0.17498      0.23557
  605 1.13501e+05     0.06064     0.17507      0.23571
  606 1.16145e+05     0.06070     0.17515      0.23585
  607 1.18850e+05     0.06076     0.17524      0.23600
  608 1.21619e+05     0.06082     0.17534      0.23615
  609 1.24451e+05     0.06088     0.17543      0.23631
  610 1.27350e+05     0.06094     0.17553      0.23647
  611 1.30317e+05     0.06100     0.17563      0.23663
  612 1.33352e+05     0.06107     0.17573      0.23680
  613 1.36458e+05     0.06114     0.17583      0.23697
  614 1.39637e+05     0.06121     0.17594      0.23714
  615 1.42889e+05     0.06128     0.17605      0.23732
  616 1.46218e+05     0.06135     0.17616      0.23751
  617 1.49624e+05     0.06143     0.17627      0.23769
  618 1.53109e+05     0.06150     0.17638      0.23789
  619 1.56675e+05     0.06158     0.17650      0.23808
  620 1.60325e+05     0.06166     0.17662      0.23828
  621 1.64059e+05     0.06174     0.17674      0.23848
  622 1.67880e+05     0.06182     0.17687      0.23869
  623 1.71791e+05     0.06190     0.17700      0.23890
  624 1.75792e+05     0.06199     0.17712      0.23911
  625 1.79887e+05     0.06207     0.17726      0.23933
  626 1.84077e+05     0.06216     0.17739      0.23955
  627 1.88365e+05     0.06225     0.17752      0.23978
  628 1.92752e+05     0.06234     0.17766      0.24000
  629 1.97242e+05     0.06243     0.17780      0.24024
  630 2.01837e+05     0.06253     0.17794      0.24047
  631 2.06538e+05     0.06262     0.17809      0.24071
  632 2.11349e+05     0.06272     0.17823      0.24096
  633 2.16272e+05     0.06282     0.17838      0.24120
  634 2.21309e+05     0.06292     0.17853      0.24145
  635 2.26464e+05     0.06302     0.17869      0.24171
  636 2.31739e+05     0.06312     0.17884      0.24196
  637 2.37137e+05     0.06323     0.17900      0.24223
  638 2.42661e+05     0.06333     0.17916      0.24249
  639 2.48313e+05     0.06344     0.17932      0.24276
  640 2.54097e+05     0.06355     0.17948      0.24303
  641 2.60016e+05     0.06366     0.17965      0.24330
  642 2.66073e+05     0.06377     0.17981      0.24358
  643 2.72270e+05     0.06388     0.17998      0.24386
  644 2.78612e+05     0.06400     0.18015      0.24415
  645 2.85102e+05     0.06411     0.18033      0.24444
  646 2.91743e+05     0.06423     0.18050      0.24473
  647 2.98538e+05     0.06435     0.18068      0.24503
  648 3.05492e+05     0.06447     0.18086      0.24532
  649 3.12608e+05     0.06459     0.18104      0.24563
  650 3.19890e+05     0.06471     0.18122      0.24593
  651 3.27341e+05     0.06484     0.18140      0.24624
  652 3.34965e+05     0.06496     0.18159      0.24655
  653 3.42768e+05     0.06509     0.18178      0.24687
  654 3.50752e+05     0.06522     0.18197      0.24719
  655 3.58922e+05     0.06535     0.18216      0.24751
  656 3.67282e+05     0.06548     0.18236      0.24783
  657 3.75837e+05     0.06561     0.18255      0.24816
  658 3.84592e+05     0.06574     0.18275      0.24849
  659 3.93550e+05     0.06588     0.18295      0.24883
  660 4.02717e+05     0.06602     0.18315      0.24917
  661 4.12098e+05     0.06615     0.18335      0.24951
  662 4.21697e+05     0.06629     0.18356      0.24985
  663 4.31519e+05     0.06643     0.18376      0.25020
  664 4.41570e+05     0.06657     0.18397      0.25055
  665 4.51856e+05     0.06672     0.18418      0.25090
  666 4.62381e+05     0.06686     0.18440      0.25126
  667 4.73151e+05     0.06701     0.18461      0.25162
  668 4.84172e+05     0.06716     0.18482      0.25198
  669 4.95450e+05     0.06730     0.18504      0.25235
  670 5.06991e+05     0.06745     0.18526      0.25271
  671 5.18800e+05     0.06761     0.18548      0.25309
  672 5.30884e+05     0.06776     0.18570      0.25346
  673 5.43250e+05     0.06791     0.18593      0.25384
  674 5.55904e+05     0.06807     0.18615      0.25422
  675 5.68853e+05     0.06822     0.18638      0.25460
  676 5.82103e+05     0.06838     0.18661      0.25499
  677 5.95662e+05     0.06854     0.18684      0.25538
  678 6.09537e+05     0.06870     0.18707      0.25577
  679 6.23735e+05     0.06886     0.18730      0.25616
  680 6.38263e+05     0.06902     0.18754      0.25656
  681 6.53131e+05     0.06919     0.18778      0.25696
  682 6.68344e+05     0.06935     0.18801      0.25737
  683 6.83912e+05     0.06952     0.18825      0.25777
  684 6.99842e+05     0.06969     0.18849      0.25818
  685 7.16143e+05     0.06986     0.18874      0.25860
  686 7.32825e+05     0.07003     0.18898      0.25901
  687 7.49894e+05     0.07020     0.18923      0.25943
  688 7.67361e+05     0.07037     0.18948      0.25985
  689 7.85236e+05     0.07055     0.18972      0.26027
  690 8.03526e+05     0.07072     0.18997      0.26070
  691 8.22243e+05     0.07090     0.19023      0.26113
  692 8.41395e+05     0.07108     0.19048      0.26156
  693 8.60994e+05     0.07126     0.19074      0.26199
  694 8.81049e+05     0.07144     0.19099      0.26243
  695 9.01571e+05     0.07162     0.19125      0.26287
  696 9.22571e+05     0.07180     0.19151      0.26331
  697 9.44061e+05     0.07199     0.19177      0.26375
  698 9.66051e+05     0.07217     0.19203      0.26420
  699 9.88553e+05     0.07236     0.19229      0.26465
  700 1.01158e+06     0.07254     0.19256      0.26510
  701 1.03514e+06     0.07273     0.19283      0.26556
  702 1.05925e+06     0.07292     0.19309      0.26602
  703 1.08393e+06     0.07312     0.19336      0.26648
  704 1.10917e+06     0.07331     0.19363      0.26694
  705 1.13501e+06     0.07350     0.19390      0.26741
  706 1.16145e+06     0.07370     0.19418      0.26787
  707 1.18850e+06     0.07389     0.19445      0.26834
  708 1.21619e+06     0.07409     0.19473      0.26882
  709 1.24451e+06     0.07429     0.19500      0.26929
  710 1.27350e+06     0.07449     0.19528      0.26977
  711 1.30317e+06     0.07469     0.19556      0.27025
  712 1.33352e+06     0.07489     0.19584      0.27073
  713 1.36458e+06     0.07509     0.19612      0.27122
  714 1.39637e+06     0.07530     0.19641      0.27171
  715 1.42889e+06     0.07550     0.19669      0.27220
  716 1.46218e+06     0.07571     0.19698      0.27269
  717 1.49624e+06     0.07592     0.19726      0.27318
  718 1.53109e+06     0.07613     0.19755      0.27368
  719 1.56675e+06     0.07634     0.19784      0.27418
  720 1.60325e+06     0.07655     0.19813      0.27468
  721 1.64059e+06     0.07676     0.19843      0.27519
  722 1.67880e+06     0.07698     0.19872      0.27569
  723 1.71791e+06     0.07719     0.19901      0.27620
  724 1.75792e+06     0.07741     0.19931      0.27671
  725 1.79887e+06     0.07762     0.19960      0.27723
  726 1.84077e+06     0.07784     0.19990      0.27774
  727 1.88365e+06     0.07806     0.20020      0.27826
  728 1.92752e+06     0.07828     0.20050      0.27878
  729 1.97242e+06     0.07850     0.20080      0.27931
  730 2.01837e+06     0.07873     0.20110      0.27983
  731 2.06538e+06     0.07895     0.20141      0.28036
  732 2.11349e+06     0.07918     0.20171      0.28089
  733 2.16272e+06     0.07940     0.20202      0.28142
  734 2.21309e+06     0.07963     0.20233      0.28195
  735 2.26464e+06     0.07986     0.20263      0.28249
  736 2.31739e+06     0.08009     0.20294      0.28303
  737 2.37137e+06     0.08032     0.20325      0.28357
  738 2.42661e+06     0.08055     0.20356      0.28411
  739 2.48313e+06     0.08078     0.20387      0.28466
  740 2.54097e+06     0.08101     0.20419      0.28520
  741 2.60016e+06     0.08125     0.20450      0.28575
  742 2.66073e+06     0.08149     0.20482      0.28630
  743 2.72270e+06     0.08172     0.20513      0.28686
  744 2.78612e+06     0.08196     0.20545      0.28741
  745 2.85102e+06     0.08220     0.20577      0.28797
  746 2.91743e+06     0.08244     0.20609      0.28853
  747 2.98538e+06     0.08268     0.20641      0.28909
  748 3.05492e+06     0.08292     0.20673      0.28965
  749 3.12608e+06     0.08317     0.20705      0.29022
  750 3.19890e+06     0.08341     0.20737      0.29079
  751 3.27341e+06     0.08366     0.20770      0.29136
  752 3.34965e+06     0.08390     0.20802      0.29193
  753 3.42768e+06     0.08415     0.20835      0.29250
  754 3.50752e+06     0.08440     0.20868      0.29308
  755 3.58922e+06     0.08465     0.20900      0.29365
  756 3.67282e+06     0.08490     0.20933      0.29423
  757 3.75837e+06     0.08515     0.20966      0.29482
  758 3.84592e+06     0.08541     0.20999      0.29540
  759 3.93550e+06     0.08566     0.21033      0.29599
  760 4.02717e+06     0.08592     0.21066      0.29657
  761 4.12098e+06     0.08617     0.21099      0.29716
  762 4.21697e+06     0.08643     0.21132      0.29775
  763 4.31519e+06     0.08669     0.21166      0.29835
  764 4.41570e+06     0.08695     0.21200      0.29894
  765 4.51856e+06     0.08721     0.21233      0.29954
  766 4.62381e+06     0.08747     0.21267      0.30014
  767 4.73151e+06     0.08773     0.21301      0.30074
  768 4.84172e+06     0.08799     0.21335      0.30134
  769 4.95450e+06     0.08826     0.21369      0.30194
  770 5.06991e+06     0.08852     0.21403      0.30255
  771 5.18800e+06     0.08879     0.21437      0.30316
  772 5.30884e+06     0.08906     0.21471      0.30377
  773 5.43250e+06     0.08932     0.21506      0.30438
  774 5.55904e+06     0.08959     0.21540      0.30499
  775 5.68853e+06     0.08986     0.21575      0.30561
  776 5.82103e+06     0.09013     0.21609      0.30623
  777 5.95662e+06     0.09041     0.21644      0.30684
  778 6.09537e+06     0.09068     0.21679      0.30746
  779 6.23735e+06     0.09095     0.21713      0.30809
  780 6.38263e+06     0.09123     0.21748      0.30871
  781 6.53131e+06     0.09151     0.21783      0.30934
  782 6.68344e+06     0.09178     0.21818      0.30996
  783 6.83912e+06     0.09206     0.21853      0.31059
  784 6.99842e+06     0.09234     0.21888      0.31122
  785 7.16143e+06     0.09262     0.21924      0.31186
  786 7.32825e+06     0.09290     0.21959      0.31249
  787 7.49894e+06     0.09318     0.21994      0.31313
  788 7.67361e+06     0.09347     0.22030      0.31376
  789 7.85236e+06     0.09375     0.22065      0.31440
  790 8.03526e+06     0.09403     0.22101      0.31504
  791 8.22243e+06     0.09432     0.22137      0.31569
  792 8.41395e+06     0.09461     0.22172      0.31633
  793 8.60994e+06     0.09489     0.22208      0.31698
  794 8.81049e+06     0.09518     0.22244      0.31762
  795 9.01571e+06     0.09547     0.22280      0.31827
  796 9.22571e+06     0.09576     0.22316      0.31892
  797 9.44061e+06     0.09605     0.22352      0.31958
  798 9.66051e+06     0.09635     0.22388      0.32023
  799 9.88553e+06     0.09664     0.22425      0.32089
-------------------------------------------------------------
