-------------------------------G4_H
-------------------------------pi+
### Fill Cross Sections for pi+ off H
-------------------------------------------------------------
    N     E(MeV)   Elastic(b)   Inelastic(b)   Total(b)
-------------------------------------------------------------
    0 1.01158e-01     0.00000     0.00000      0.00000
    1 1.03514e-01     0.00000     0.00000      0.00000
    2 1.05925e-01     0.00000     0.00000      0.00000
    3 1.08393e-01     0.00000     0.00000      0.00000
    4 1.10917e-01     0.00000     0.00000      0.00000
    5 1.13501e-01     0.00000     0.00000      0.00000
    6 1.16145e-01     0.00000     0.00000      0.00000
    7 1.18850e-01     0.00000     0.00000      0.00000
    8 1.21619e-01     0.00000     0.00000      0.00000
    9 1.24451e-01     0.00000     0.00000      0.00000
   10 1.27350e-01     0.00000     0.00000      0.00000
   11 1.30317e-01     0.00000     0.00000      0.00000
   12 1.33352e-01     0.00000     0.00000      0.00000
   13 1.36458e-01     0.00000     0.00000      0.00000
   14 1.39637e-01     0.00000     0.00000      0.00000
   15 1.42889e-01     0.00000     0.00000      0.00000
   16 1.46218e-01     0.00000     0.00000      0.00000
   17 1.49624e-01     0.00000     0.00000      0.00000
   18 1.53109e-01     0.00000     0.00000      0.00000
   19 1.56675e-01     0.00000     0.00000      0.00000
   20 1.60325e-01     0.00000     0.00000      0.00000
   21 1.64059e-01     0.00000     0.00000      0.00000
   22 1.67880e-01     0.00000     0.00000      0.00000
   23 1.71791e-01     0.00000     0.00000      0.00000
   24 1.75792e-01     0.00000     0.00000      0.00000
   25 1.79887e-01     0.00000     0.00000      0.00000
   26 1.84077e-01     0.00000     0.00000      0.00000
   27 1.88365e-01     0.00000     0.00000      0.00000
   28 1.92752e-01     0.00000     0.00000      0.00000
   29 1.97242e-01     0.00000     0.00000      0.00000
   30 2.01837e-01     0.00000     0.00000      0.00000
   31 2.06538e-01     0.00000     0.00000      0.00000
   32 2.11349e-01     0.00000     0.00000      0.00000
   33 2.16272e-01     0.00000     0.00000      0.00000
   34 2.21309e-01     0.00000     0.00000      0.00000
   35 2.26464e-01     0.00000     0.00000      0.00000
   36 2.31739e-01     0.00000     0.00000      0.00000
   37 2.37137e-01     0.00000     0.00000      0.00000
   38 2.42661e-01     0.00000     0.00000      0.00000
   39 2.48313e-01     0.00000     0.00000      0.00000
   40 2.54097e-01     0.00000     0.00000      0.00000
   41 2.60016e-01     0.00000     0.00000      0.00000
   42 2.66073e-01     0.00000     0.00000      0.00000
   43 2.72270e-01     0.00000     0.00000      0.00000
   44 2.78612e-01     0.00000     0.00000      0.00000
   45 2.85102e-01     0.00000     0.00000      0.00000
   46 2.91743e-01     0.00000     0.00000      0.00000
   47 2.98538e-01     0.00000     0.00000      0.00000
   48 3.05492e-01     0.00000     0.00000      0.00000
   49 3.12608e-01     0.00000     0.00000      0.00000
   50 3.19890e-01     0.00000     0.00000      0.00000
   51 3.27341e-01     0.00000     0.00000      0.00000
   52 3.34965e-01     0.00000     0.00000      0.00000
   53 3.42768e-01     0.00000     0.00000      0.00000
   54 3.50752e-01     0.00000     0.00000      0.00000
   55 3.58922e-01     0.00000     0.00000      0.00000
   56 3.67282e-01     0.00000     0.00000      0.00000
   57 3.75837e-01     0.00000     0.00000      0.00000
   58 3.84592e-01     0.00000     0.00000      0.00000
   59 3.93550e-01     0.00000     0.00000      0.00000
   60 4.02717e-01     0.00000     0.00000      0.00000
   61 4.12098e-01     0.00000     0.00000      0.00000
   62 4.21697e-01     0.00000     0.00000      0.00000
   63 4.31519e-01     0.00000     0.00000      0.00000
   64 4.41570e-01     0.00000     0.00000      0.00000
   65 4.51856e-01     0.00000     0.00000      0.00000
   66 4.62381e-01     0.00000     0.00000      0.00000
   67 4.73151e-01     0.00000     0.00000      0.00000
   68 4.84172e-01     0.00000     0.00000      0.00000
   69 4.95450e-01     0.00000     0.00000      0.00000
   70 5.06991e-01     0.00000     0.00000      0.00000
   71 5.18800e-01     0.00000     0.00000      0.00000
   72 5.30884e-01     0.00000     0.00000      0.00000
   73 5.43250e-01     0.00002     0.00000      0.00002
   74 5.55904e-01     0.00005     0.00000      0.00005
   75 5.68853e-01     0.00007     0.00000      0.00007
   76 5.82103e-01     0.00009     0.00000      0.00009
   77 5.95662e-01     0.00012     0.00000      0.00012
   78 6.09537e-01     0.00014     0.00000      0.00014
   79 6.23735e-01     0.00016     0.00000      0.00016
   80 6.38263e-01     0.00018     0.00000      0.00018
   81 6.53131e-01     0.00020     0.00000      0.00020
   82 6.68344e-01     0.00023     0.00000      0.00023
   83 6.83912e-01     0.00025     0.00000      0.00025
   84 6.99842e-01     0.00027     0.00000      0.00027
   85 7.16143e-01     0.00029     0.00000      0.00029
   86 7.32825e-01     0.00031     0.00000      0.00031
   87 7.49894e-01     0.00033     0.00000      0.00033
   88 7.67361e-01     0.00036     0.00000      0.00036
   89 7.85236e-01     0.00038     0.00000      0.00038
   90 8.03526e-01     0.00040     0.00000      0.00040
   91 8.22243e-01     0.00042     0.00000      0.00042
   92 8.41395e-01     0.00044     0.00000      0.00044
   93 8.60994e-01     0.00046     0.00000      0.00046
   94 8.81049e-01     0.00048     0.00000      0.00048
   95 9.01571e-01     0.00050     0.00000      0.00050
   96 9.22571e-01     0.00052     0.00000      0.00052
   97 9.44061e-01     0.00054     0.00000      0.00054
   98 9.66051e-01     0.00056     0.00000      0.00056
   99 9.88553e-01     0.00058     0.00000      0.00058
  100 1.01158e+00     0.00060     0.00000      0.00060
  101 1.03514e+00     0.00062     0.00000      0.00062
  102 1.05925e+00     0.00064     0.00000      0.00064
  103 1.08393e+00     0.00066     0.00000      0.00066
  104 1.10917e+00     0.00069     0.00000      0.00069
  105 1.13501e+00     0.00071     0.00000      0.00071
  106 1.16145e+00     0.00073     0.00000      0.00073
  107 1.18850e+00     0.00075     0.00000      0.00075
  108 1.21619e+00     0.00077     0.00000      0.00077
  109 1.24451e+00     0.00079     0.00000      0.00079
  110 1.27350e+00     0.00081     0.00000      0.00081
  111 1.30317e+00     0.00083     0.00000      0.00083
  112 1.33352e+00     0.00085     0.00000      0.00085
  113 1.36458e+00     0.00087     0.00000      0.00087
  114 1.39637e+00     0.00089     0.00000      0.00089
  115 1.42889e+00     0.00091     0.00000      0.00091
  116 1.46218e+00     0.00093     0.00000      0.00093
  117 1.49624e+00     0.00095     0.00000      0.00095
  118 1.53109e+00     0.00097     0.00000      0.00097
  119 1.56675e+00     0.00099     0.00000      0.00099
  120 1.60325e+00     0.00101     0.00000      0.00101
  121 1.64059e+00     0.00103     0.00000      0.00103
  122 1.67880e+00     0.00105     0.00000      0.00105
  123 1.71791e+00     0.00107     0.00000      0.00107
  124 1.75792e+00     0.00109     0.00000      0.00109
  125 1.79887e+00     0.00111     0.00000      0.00111
  126 1.84077e+00     0.00113     0.00000      0.00113
  127 1.88365e+00     0.00115     0.00000      0.00115
  128 1.92752e+00     0.00117     0.00000      0.00117
  129 1.97242e+00     0.00120     0.00000      0.00120
  130 2.01837e+00     0.00122     0.00000      0.00122
  131 2.06538e+00     0.00124     0.00000      0.00124
  132 2.11349e+00     0.00126     0.00000      0.00126
  133 2.16272e+00     0.00128     0.00000      0.00128
  134 2.21309e+00     0.00130     0.00000      0.00130
  135 2.26464e+00     0.00133     0.00000      0.00133
  136 2.31739e+00     0.00135     0.00000      0.00135
  137 2.37137e+00     0.00137     0.00000      0.00137
  138 2.42661e+00     0.00139     0.00000      0.00139
  139 2.48313e+00     0.00142     0.00000      0.00142
  140 2.54097e+00     0.00144     0.00000      0.00144
  141 2.60016e+00     0.00146     0.00000      0.00146
  142 2.66073e+00     0.00148     0.00000      0.00148
  143 2.72270e+00     0.00151     0.00000      0.00151
  144 2.78612e+00     0.00153     0.00000      0.00153
  145 2.85102e+00     0.00155     0.00000      0.00155
  146 2.91743e+00     0.00158     0.00000      0.00158
  147 2.98538e+00     0.00160     0.00000      0.00160
  148 3.05492e+00     0.00163     0.00000      0.00163
  149 3.12608e+00     0.00165     0.00000      0.00165
  150 3.19890e+00     0.00168     0.00000      0.00168
  151 3.27341e+00     0.00170     0.00000      0.00170
  152 3.34965e+00     0.00173     0.00000      0.00173
  153 3.42768e+00     0.00175     0.00000      0.00175
  154 3.50752e+00     0.00178     0.00000      0.00178
  155 3.58922e+00     0.00180     0.00000      0.00180
  156 3.67282e+00     0.00183     0.00000      0.00183
  157 3.75837e+00     0.00186     0.00000      0.00186
  158 3.84592e+00     0.00189     0.00000      0.00189
  159 3.93550e+00     0.00191     0.00000      0.00191
  160 4.02717e+00     0.00194     0.00000      0.00194
  161 4.12098e+00     0.00197     0.00000      0.00197
  162 4.21697e+00     0.00200     0.00000      0.00200
  163 4.31519e+00     0.00203     0.00000      0.00203
  164 4.41570e+00     0.00206     0.00000      0.00206
  165 4.51856e+00     0.00209     0.00000      0.00209
  166 4.62381e+00     0.00212     0.00000      0.00212
  167 4.73151e+00     0.00215     0.00000      0.00215
  168 4.84172e+00     0.00218     0.00000      0.00218
  169 4.95450e+00     0.00221     0.00000      0.00221
  170 5.06991e+00     0.00224     0.00000      0.00224
  171 5.18800e+00     0.00227     0.00000      0.00227
  172 5.30884e+00     0.00230     0.00000      0.00230
  173 5.43250e+00     0.00234     0.00000      0.00234
  174 5.55904e+00     0.00237     0.00000      0.00237
  175 5.68853e+00     0.00241     0.00000      0.00241
  176 5.82103e+00     0.00244     0.00000      0.00244
  177 5.95662e+00     0.00248     0.00000      0.00248
  178 6.09537e+00     0.00251     0.00000      0.00251
  179 6.23735e+00     0.00255     0.00000      0.00255
  180 6.38263e+00     0.00258     0.00000      0.00258
  181 6.53131e+00     0.00262     0.00000      0.00262
  182 6.68344e+00     0.00266     0.00000      0.00266
  183 6.83912e+00     0.00270     0.00000      0.00270
  184 6.99842e+00     0.00274     0.00000      0.00274
  185 7.16143e+00     0.00278     0.00000      0.00278
  186 7.32825e+00     0.00282     0.00000      0.00282
  187 7.49894e+00     0.00286     0.00000      0.00286
  188 7.67361e+00     0.00290     0.00000      0.00290
  189 7.85236e+00     0.00295     0.00000      0.00295
  190 8.03526e+00     0.00299     0.00000      0.00299
  191 8.22243e+00     0.00304     0.00000      0.00304
  192 8.41395e+00     0.00308     0.00000      0.00308
  193 8.60994e+00     0.00313     0.00000      0.00313
  194 8.81049e+00     0.00318     0.00000      0.00318
  195 9.01571e+00     0.00322     0.00000      0.00322
  196 9.22571e+00     0.00327     0.00000      0.00327
  197 9.44061e+00     0.00332     0.00000      0.00332
  198 9.66051e+00     0.00337     0.00000      0.00337
  199 9.88553e+00     0.00343     0.00000      0.00343
  200 1.01158e+01     0.00348     0.00000      0.00348
  201 1.03514e+01     0.00354     0.00000      0.00354
  202 1.05925e+01     0.00359     0.00000      0.00359
  203 1.08393e+01     0.00365     0.00000      0.00365
  204 1.10917e+01     0.00371     0.00000      0.00371
  205 1.13501e+01     0.00377     0.00000      0.00377
  206 1.16145e+01     0.00383     0.00000      0.00383
  207 1.18850e+01     0.00389     0.00000      0.00389
  208 1.21619e+01     0.00395     0.00000      0.00395
  209 1.24451e+01     0.00402     0.00000      0.00402
  210 1.27350e+01     0.00408     0.00000      0.00408
  211 1.30317e+01     0.00415     0.00000      0.00415
  212 1.33352e+01     0.00422     0.00000      0.00422
  213 1.36458e+01     0.00429     0.00000      0.00429
  214 1.39637e+01     0.00436     0.00000      0.00436
  215 1.42889e+01     0.00444     0.00000      0.00444
  216 1.46218e+01     0.00451     0.00000      0.00451
  217 1.49624e+01     0.00459     0.00000      0.00459
  218 1.53109e+01     0.00467     0.00000      0.00467
  219 1.56675e+01     0.00476     0.00000      0.00476
  220 1.60325e+01     0.00484     0.00000      0.00484
  221 1.64059e+01     0.00493     0.00000      0.00493
  222 1.67880e+01     0.00502     0.00000      0.00502
  223 1.71791e+01     0.00511     0.00000      0.00511
  224 1.75792e+01     0.00520     0.00000      0.00520
  225 1.79887e+01     0.00530     0.00000      0.00530
  226 1.84077e+01     0.00539     0.00000      0.00539
  227 1.88365e+01     0.00550     0.00000      0.00550
  228 1.92752e+01     0.00560     0.00000      0.00560
  229 1.97242e+01     0.00571     0.00000      0.00571
  230 2.01837e+01     0.00582     0.00000      0.00582
  231 2.06538e+01     0.00593     0.00000      0.00593
  232 2.11349e+01     0.00605     0.00000      0.00605
  233 2.16272e+01     0.00617     0.00000      0.00617
  234 2.21309e+01     0.00629     0.00000      0.00629
  235 2.26464e+01     0.00642     0.00000      0.00642
  236 2.31739e+01     0.00655     0.00000      0.00655
  237 2.37137e+01     0.00669     0.00000      0.00669
  238 2.42661e+01     0.00683     0.00000      0.00683
  239 2.48313e+01     0.00697     0.00000      0.00697
  240 2.54097e+01     0.00712     0.00000      0.00712
  241 2.60016e+01     0.00728     0.00000      0.00728
  242 2.66073e+01     0.00743     0.00000      0.00743
  243 2.72270e+01     0.00760     0.00000      0.00760
  244 2.78612e+01     0.00777     0.00000      0.00777
  245 2.85102e+01     0.00794     0.00000      0.00794
  246 2.91743e+01     0.00813     0.00000      0.00813
  247 2.98538e+01     0.00831     0.00000      0.00831
  248 3.05492e+01     0.00851     0.00000      0.00851
  249 3.12608e+01     0.00871     0.00000      0.00871
  250 3.19890e+01     0.00892     0.00000      0.00892
  251 3.27341e+01     0.00914     0.00000      0.00914
  252 3.34965e+01     0.00936     0.00000      0.00936
  253 3.42768e+01     0.00960     0.00000      0.00960
  254 3.50752e+01     0.00984     0.00000      0.00984
  255 3.58922e+01     0.01009     0.00000      0.01009
  256 3.67282e+01     0.01035     0.00000      0.01035
  257 3.75837e+01     0.01063     0.00000      0.01063
  258 3.84592e+01     0.01091     0.00000      0.01091
  259 3.93550e+01     0.01121     0.00000      0.01121
  260 4.02717e+01     0.01151     0.00000      0.01151
  261 4.12098e+01     0.01184     0.00000      0.01184
  262 4.21697e+01     0.01217     0.00000      0.01217
  263 4.31519e+01     0.01252     0.00000      0.01252
  264 4.41570e+01     0.01289     0.00000      0.01289
  265 4.51856e+01     0.01327     0.00000      0.01327
  266 4.62381e+01     0.01367     0.00000      0.01367
  267 4.73151e+01     0.01409     0.00000      0.01409
  268 4.84172e+01     0.01453     0.00000      0.01453
  269 4.95450e+01     0.01499     0.00000      0.01499
  270 5.06991e+01     0.01547     0.00000      0.01547
  271 5.18800e+01     0.01598     0.00000      0.01598
  272 5.30884e+01     0.01651     0.00000      0.01651
  273 5.43250e+01     0.01707     0.00000      0.01707
  274 5.55904e+01     0.01766     0.00000      0.01766
  275 5.68853e+01     0.01828     0.00000      0.01828
  276 5.82103e+01     0.01894     0.00000      0.01894
  277 5.95662e+01     0.01963     0.00000      0.01963
  278 6.09537e+01     0.02036     0.00000      0.02036
  279 6.23735e+01     0.02113     0.00000      0.02113
  280 6.38263e+01     0.02195     0.00000      0.02195
  281 6.53131e+01     0.02282     0.00000      0.02282
  282 6.68344e+01     0.02374     0.00000      0.02374
  283 6.83912e+01     0.02471     0.00000      0.02471
  284 6.99842e+01     0.02575     0.00000      0.02575
  285 7.16143e+01     0.02685     0.00000      0.02685
  286 7.32825e+01     0.02803     0.00000      0.02803
  287 7.49894e+01     0.02928     0.00000      0.02928
  288 7.67361e+01     0.03062     0.00000      0.03062
  289 7.85236e+01     0.03205     0.00000      0.03205
  290 8.03526e+01     0.03358     0.00000      0.03358
  291 8.22243e+01     0.03522     0.00000      0.03522
  292 8.41395e+01     0.03698     0.00000      0.03698
  293 8.60994e+01     0.03887     0.00000      0.03887
  294 8.81049e+01     0.04090     0.00000      0.04090
  295 9.01571e+01     0.04309     0.00000      0.04309
  296 9.22571e+01     0.04544     0.00000      0.04544
  297 9.44061e+01     0.04799     0.00000      0.04799
  298 9.66051e+01     0.05074     0.00000      0.05074
  299 9.88553e+01     0.05371     0.00000      0.05371
  300 1.01158e+02     0.05725     0.00000      0.05725
  301 1.03514e+02     0.06075     0.00000      0.06075
  302 1.05925e+02     0.06454     0.00000      0.06454
  303 1.08393e+02     0.06866     0.00000      0.06866
  304 1.10917e+02     0.07312     0.00000      0.07312
  305 1.13501e+02     0.07796     0.00000      0.07796
  306 1.16145e+02     0.08320     0.00000      0.08320
  307 1.18850e+02     0.08888     0.00000      0.08888
  308 1.21619e+02     0.09500     0.00000      0.09500
  309 1.24451e+02     0.10161     0.00000      0.10161
  310 1.27350e+02     0.10870     0.00000      0.10870
  311 1.30317e+02     0.11626     0.00000      0.11626
  312 1.33352e+02     0.12429     0.00000      0.12429
  313 1.36458e+02     0.13273     0.00000      0.13273
  314 1.39637e+02     0.14151     0.00000      0.14151
  315 1.42889e+02     0.15050     0.00000      0.15050
  316 1.46218e+02     0.15955     0.00000      0.15955
  317 1.49624e+02     0.16845     0.00000      0.16845
  318 1.53109e+02     0.17693     0.00000      0.17693
  319 1.56675e+02     0.18468     0.00000      0.18468
  320 1.60325e+02     0.19139     0.00000      0.19139
  321 1.64059e+02     0.19673     0.00000      0.19673
  322 1.67880e+02     0.20039     0.00000      0.20039
  323 1.71791e+02     0.20216     0.00000      0.20216
  324 1.75792e+02     0.20201     0.00000      0.20201
  325 1.79887e+02     0.20037     0.00000      0.20037
  326 1.84077e+02     0.19732     0.00000      0.19732
  327 1.88365e+02     0.19298     0.00000      0.19298
  328 1.92752e+02     0.18750     0.00000      0.18750
  329 1.97242e+02     0.18108     0.00000      0.18108
  330 2.01837e+02     0.17392     0.00000      0.17392
  331 2.06538e+02     0.16622     0.00000      0.16622
  332 2.11349e+02     0.15819     0.00000      0.15819
  333 2.16272e+02     0.15001     0.00000      0.15001
  334 2.21309e+02     0.14182     0.00000      0.14182
  335 2.26464e+02     0.13375     0.00000      0.13375
  336 2.31739e+02     0.12589     0.00000      0.12589
  337 2.37137e+02     0.11833     0.00000      0.11833
  338 2.42661e+02     0.11110     0.00000      0.11110
  339 2.48313e+02     0.10424     0.00000      0.10424
  340 2.54097e+02     0.09776     0.00000      0.09776
  341 2.60016e+02     0.09168     0.00000      0.09168
  342 2.66073e+02     0.08599     0.00000      0.08599
  343 2.72270e+02     0.08067     0.00000      0.08067
  344 2.78612e+02     0.07571     0.00000      0.07571
  345 2.85102e+02     0.07110     0.00000      0.07110
  346 2.91743e+02     0.06681     0.00000      0.06681
  347 2.98538e+02     0.06283     0.00000      0.06283
  348 3.05492e+02     0.05913     0.00000      0.05913
  349 3.12608e+02     0.05569     0.00000      0.05569
  350 3.19890e+02     0.05250     0.00000      0.05250
  351 3.27341e+02     0.04954     0.00000      0.04954
  352 3.34965e+02     0.04679     0.00000      0.04679
  353 3.42768e+02     0.04423     0.00000      0.04423
  354 3.50752e+02     0.04185     0.00000      0.04185
  355 3.58922e+02     0.03963     0.00000      0.03963
  356 3.67282e+02     0.03757     0.00000      0.03757
  357 3.75837e+02     0.03564     0.00000      0.03564
  358 3.84592e+02     0.03384     0.00000      0.03384
  359 3.93550e+02     0.03216     0.00000      0.03216
  360 4.02717e+02     0.03060     0.00000      0.03060
  361 4.12098e+02     0.02913     0.00000      0.02913
  362 4.21697e+02     0.02775     0.00000      0.02775
  363 4.31519e+02     0.02646     0.00000      0.02646
  364 4.41570e+02     0.02525     0.00000      0.02525
  365 4.51856e+02     0.02412     0.00000      0.02412
  366 4.62381e+02     0.02305     0.00000      0.02305
  367 4.73151e+02     0.02205     0.00000      0.02205
  368 4.84172e+02     0.02110     0.00000      0.02110
  369 4.95450e+02     0.02021     0.00000      0.02021
  370 5.06991e+02     0.01937     0.00000      0.01937
  371 5.18800e+02     0.01858     0.00000      0.01858
  372 5.30884e+02     0.01783     0.00000      0.01783
  373 5.43250e+02     0.01712     0.00000      0.01712
  374 5.55904e+02     0.01634     0.00007      0.01640
  375 5.68853e+02     0.01533     0.00068      0.01602
  376 5.82103e+02     0.01443     0.00127      0.01570
  377 5.95662e+02     0.01362     0.00182      0.01544
  378 6.09537e+02     0.01289     0.00236      0.01525
  379 6.23735e+02     0.01225     0.00288      0.01513
  380 6.38263e+02     0.01167     0.00340      0.01507
  381 6.53131e+02     0.01117     0.00392      0.01509
  382 6.68344e+02     0.01072     0.00445      0.01517
  383 6.83912e+02     0.01032     0.00500      0.01532
  384 6.99842e+02     0.00997     0.00556      0.01554
  385 7.16143e+02     0.00967     0.00616      0.01583
  386 7.32825e+02     0.00970     0.00649      0.01619
  387 7.49894e+02     0.00988     0.00674      0.01662
  388 7.67361e+02     0.01007     0.00705      0.01712
  389 7.85236e+02     0.01028     0.00741      0.01769
  390 8.03526e+02     0.01052     0.00783      0.01834
  391 8.22243e+02     0.01077     0.00829      0.01906
  392 8.41395e+02     0.01105     0.00880      0.01986
  393 8.60994e+02     0.01136     0.00936      0.02073
  394 8.81049e+02     0.01170     0.00997      0.02167
  395 9.01571e+02     0.01208     0.01061      0.02269
  396 9.22571e+02     0.01249     0.01130      0.02379
  397 9.44061e+02     0.01295     0.01201      0.02496
  398 9.66051e+02     0.01345     0.01276      0.02621
  399 9.88553e+02     0.01399     0.01354      0.02754
  400 1.01158e+03     0.01459     0.01435      0.02894
  401 1.03514e+03     0.01523     0.01456      0.02979
  402 1.05925e+03     0.01592     0.01451      0.03042
  403 1.08393e+03     0.01663     0.01457      0.03120
  404 1.10917e+03     0.01737     0.01476      0.03213
  405 1.13501e+03     0.01810     0.01511      0.03320
  406 1.16145e+03     0.01879     0.01561      0.03439
  407 1.18850e+03     0.01939     0.01626      0.03565
  408 1.21619e+03     0.01986     0.01705      0.03691
  409 1.24451e+03     0.02016     0.01793      0.03808
  410 1.27350e+03     0.02022     0.01883      0.03906
  411 1.30317e+03     0.02009     0.01965      0.03973
  412 1.33352e+03     0.01977     0.02025      0.04002
  413 1.36458e+03     0.01929     0.02056      0.03986
  414 1.39637e+03     0.01868     0.02055      0.03924
  415 1.42889e+03     0.01797     0.02024      0.03821
  416 1.46218e+03     0.01718     0.01968      0.03686
  417 1.49624e+03     0.01636     0.01898      0.03534
  418 1.53109e+03     0.01552     0.01827      0.03379
  419 1.56675e+03     0.01469     0.01767      0.03236
  420 1.60325e+03     0.01389     0.01726      0.03114
  421 1.64059e+03     0.01312     0.01708      0.03020
  422 1.67880e+03     0.01239     0.01715      0.02954
  423 1.71791e+03     0.01171     0.01743      0.02914
  424 1.75792e+03     0.01107     0.01787      0.02895
  425 1.79887e+03     0.01049     0.01842      0.02891
  426 1.84077e+03     0.00995     0.01903      0.02898
  427 1.88365e+03     0.00975     0.01937      0.02912
  428 1.92752e+03     0.00963     0.01967      0.02930
  429 1.97242e+03     0.00952     0.02000      0.02951
  430 2.01837e+03     0.00940     0.02035      0.02974
  431 2.06538e+03     0.00928     0.02070      0.02998
  432 2.11349e+03     0.00915     0.02106      0.03021
  433 2.16272e+03     0.00903     0.02141      0.03044
  434 2.21309e+03     0.00891     0.02174      0.03065
  435 2.26464e+03     0.00878     0.02204      0.03082
  436 2.31739e+03     0.00866     0.02230      0.03095
  437 2.37137e+03     0.00854     0.02250      0.03103
  438 2.42661e+03     0.00841     0.02264      0.03105
  439 2.48313e+03     0.00829     0.02271      0.03100
  440 2.54097e+03     0.00817     0.02271      0.03089
  441 2.60016e+03     0.00805     0.02265      0.03070
  442 2.66073e+03     0.00794     0.02253      0.03046
  443 2.72270e+03     0.00782     0.02236      0.03018
  444 2.78612e+03     0.00771     0.02216      0.02986
  445 2.85102e+03     0.00759     0.02194      0.02954
  446 2.91743e+03     0.00749     0.02173      0.02921
  447 2.98538e+03     0.00738     0.02154      0.02891
  448 3.05492e+03     0.00727     0.02137      0.02865
  449 3.12608e+03     0.00717     0.02125      0.02842
  450 3.19890e+03     0.00707     0.02117      0.02824
  451 3.27341e+03     0.00697     0.02113      0.02810
  452 3.34965e+03     0.00687     0.02112      0.02799
  453 3.42768e+03     0.00678     0.02115      0.02793
  454 3.50752e+03     0.00669     0.02115      0.02784
  455 3.58922e+03     0.00660     0.02114      0.02774
  456 3.67282e+03     0.00651     0.02114      0.02765
  457 3.75837e+03     0.00643     0.02113      0.02756
  458 3.84592e+03     0.00635     0.02113      0.02747
  459 3.93550e+03     0.00627     0.02112      0.02739
  460 4.02717e+03     0.00619     0.02111      0.02730
  461 4.12098e+03     0.00611     0.02110      0.02721
  462 4.21697e+03     0.00604     0.02109      0.02713
  463 4.31519e+03     0.00597     0.02108      0.02705
  464 4.41570e+03     0.00590     0.02107      0.02696
  465 4.51856e+03     0.00583     0.02106      0.02688
  466 4.62381e+03     0.00576     0.02104      0.02680
  467 4.73151e+03     0.00570     0.02103      0.02673
  468 4.84172e+03     0.00564     0.02101      0.02665
  469 4.95450e+03     0.00558     0.02100      0.02657
  470 5.06991e+03     0.00552     0.02098      0.02650
  471 5.18800e+03     0.00546     0.02096      0.02642
  472 5.30884e+03     0.00540     0.02095      0.02635
  473 5.43250e+03     0.00535     0.02093      0.02628
  474 5.55904e+03     0.00530     0.02091      0.02621
  475 5.68853e+03     0.00525     0.02089      0.02614
  476 5.82103e+03     0.00520     0.02087      0.02607
  477 5.95662e+03     0.00515     0.02085      0.02600
  478 6.09537e+03     0.00510     0.02083      0.02594
  479 6.23735e+03     0.00506     0.02081      0.02587
  480 6.38263e+03     0.00501     0.02079      0.02581
  481 6.53131e+03     0.00497     0.02077      0.02574
  482 6.68344e+03     0.00493     0.02075      0.02568
  483 6.83912e+03     0.00489     0.02073      0.02562
  484 6.99842e+03     0.00485     0.02071      0.02556
  485 7.16143e+03     0.00481     0.02069      0.02550
  486 7.32825e+03     0.00477     0.02067      0.02544
  487 7.49894e+03     0.00474     0.02065      0.02538
  488 7.67361e+03     0.00470     0.02062      0.02533
  489 7.85236e+03     0.00467     0.02060      0.02527
  490 8.03526e+03     0.00464     0.02058      0.02522
  491 8.22243e+03     0.00460     0.02056      0.02516
  492 8.41395e+03     0.00457     0.02054      0.02511
  493 8.60994e+03     0.00454     0.02052      0.02506
  494 8.81049e+03     0.00451     0.02050      0.02501
  495 9.01571e+03     0.00448     0.02048      0.02496
  496 9.22571e+03     0.00446     0.02046      0.02491
  497 9.44061e+03     0.00443     0.02044      0.02486
  498 9.66051e+03     0.00440     0.02041      0.02482
  499 9.88553e+03     0.00438     0.02067      0.02505
  500 1.01158e+04     0.00435     0.02065      0.02500
  501 1.03514e+04     0.00433     0.02063      0.02495
  502 1.05925e+04     0.00430     0.02061      0.02491
  503 1.08393e+04     0.00428     0.02059      0.02486
  504 1.10917e+04     0.00426     0.02057      0.02482
  505 1.13501e+04     0.00423     0.02054      0.02478
  506 1.16145e+04     0.00421     0.02052      0.02473
  507 1.18850e+04     0.00419     0.02050      0.02469
  508 1.21619e+04     0.00417     0.02048      0.02465
  509 1.24451e+04     0.00415     0.02046      0.02461
  510 1.27350e+04     0.00413     0.02044      0.02457
  511 1.30317e+04     0.00411     0.02042      0.02453
  512 1.33352e+04     0.00409     0.02040      0.02449
  513 1.36458e+04     0.00407     0.02038      0.02445
  514 1.39637e+04     0.00406     0.02036      0.02442
  515 1.42889e+04     0.00404     0.02034      0.02438
  516 1.46218e+04     0.00402     0.02032      0.02434
  517 1.49624e+04     0.00401     0.02030      0.02431
  518 1.53109e+04     0.00399     0.02029      0.02428
  519 1.56675e+04     0.00397     0.02027      0.02424
  520 1.60325e+04     0.00396     0.02025      0.02421
  521 1.64059e+04     0.00394     0.02023      0.02418
  522 1.67880e+04     0.00393     0.02022      0.02414
  523 1.71791e+04     0.00391     0.02020      0.02411
  524 1.75792e+04     0.00390     0.02018      0.02408
  525 1.79887e+04     0.00389     0.02017      0.02405
  526 1.84077e+04     0.00387     0.02015      0.02402
  527 1.88365e+04     0.00386     0.02014      0.02400
  528 1.92752e+04     0.00385     0.02012      0.02397
  529 1.97242e+04     0.00383     0.02011      0.02394
  530 2.01837e+04     0.00382     0.02009      0.02391
  531 2.06538e+04     0.00381     0.02008      0.02389
  532 2.11349e+04     0.00380     0.02006      0.02386
  533 2.16272e+04     0.00379     0.02005      0.02384
  534 2.21309e+04     0.00378     0.02004      0.02381
  535 2.26464e+04     0.00377     0.02003      0.02379
  536 2.31739e+04     0.00375     0.02001      0.02377
  537 2.37137e+04     0.00374     0.02000      0.02375
  538 2.42661e+04     0.00373     0.01999      0.02373
  539 2.48313e+04     0.00372     0.01998      0.02371
  540 2.54097e+04     0.00371     0.01997      0.02369
  541 2.60016e+04     0.00370     0.01996      0.02367
  542 2.66073e+04     0.00369     0.01995      0.02365
  543 2.72270e+04     0.00369     0.01994      0.02363
  544 2.78612e+04     0.00368     0.01994      0.02361
  545 2.85102e+04     0.00367     0.01993      0.02360
  546 2.91743e+04     0.00366     0.01992      0.02358
  547 2.98538e+04     0.00365     0.01991      0.02356
  548 3.05492e+04     0.00364     0.01991      0.02355
  549 3.12608e+04     0.00363     0.01990      0.02353
  550 3.19890e+04     0.00363     0.01990      0.02352
  551 3.27341e+04     0.00362     0.01989      0.02351
  552 3.34965e+04     0.00361     0.01989      0.02350
  553 3.42768e+04     0.00360     0.01988      0.02348
  554 3.50752e+04     0.00359     0.01988      0.02347
  555 3.58922e+04     0.00359     0.01987      0.02346
  556 3.67282e+04     0.00358     0.01987      0.02345
  557 3.75837e+04     0.00357     0.01987      0.02344
  558 3.84592e+04     0.00357     0.01987      0.02343
  559 3.93550e+04     0.00356     0.01987      0.02342
  560 4.02717e+04     0.00355     0.01986      0.02342
  561 4.12098e+04     0.00355     0.01986      0.02341
  562 4.21697e+04     0.00354     0.01986      0.02340
  563 4.31519e+04     0.00353     0.01986      0.02340
  564 4.41570e+04     0.00353     0.01987      0.02339
  565 4.51856e+04     0.00352     0.01987      0.02339
  566 4.62381e+04     0.00351     0.01987      0.02338
  567 4.73151e+04     0.00351     0.01987      0.02338
  568 4.84172e+04     0.00350     0.01987      0.02338
  569 4.95450e+04     0.00350     0.01988      0.02338
  570 5.06991e+04     0.00349     0.01988      0.02337
  571 5.18800e+04     0.00349     0.01989      0.02337
  572 5.30884e+04     0.00348     0.01989      0.02337
  573 5.43250e+04     0.00348     0.01990      0.02337
  574 5.55904e+04     0.00347     0.01990      0.02337
  575 5.68853e+04     0.00347     0.01991      0.02337
  576 5.82103e+04     0.00346     0.01991      0.02337
  577 5.95662e+04     0.00346     0.01992      0.02338
  578 6.09537e+04     0.00345     0.01993      0.02338
  579 6.23735e+04     0.00345     0.01994      0.02338
  580 6.38263e+04     0.00344     0.01995      0.02339
  581 6.53131e+04     0.00344     0.01995      0.02339
  582 6.68344e+04     0.00343     0.01996      0.02340
  583 6.83912e+04     0.00343     0.01997      0.02340
  584 6.99842e+04     0.00342     0.01998      0.02341
  585 7.16143e+04     0.00342     0.01999      0.02341
  586 7.32825e+04     0.00341     0.02001      0.02342
  587 7.49894e+04     0.00341     0.02002      0.02343
  588 7.67361e+04     0.00341     0.02003      0.02344
  589 7.85236e+04     0.00340     0.02004      0.02345
  590 8.03526e+04     0.00340     0.02006      0.02345
  591 8.22243e+04     0.00339     0.02007      0.02346
  592 8.41395e+04     0.00339     0.02008      0.02347
  593 8.60994e+04     0.00339     0.02010      0.02349
  594 8.81049e+04     0.00338     0.02011      0.02350
  595 9.01571e+04     0.00338     0.02013      0.02351
  596 9.22571e+04     0.00338     0.02014      0.02352
  597 9.44061e+04     0.00337     0.02016      0.02353
  598 9.66051e+04     0.00337     0.02018      0.02355
  599 9.88553e+04     0.00337     0.02019      0.02356
  600 1.01158e+05     0.00336     0.02021      0.02357
  601 1.03514e+05     0.00336     0.02023      0.02359
  602 1.05925e+05     0.00336     0.02025      0.02361
  603 1.08393e+05     0.00335     0.02027      0.02362
  604 1.10917e+05     0.00335     0.02029      0.02364
  605 1.13501e+05     0.00335     0.02031      0.02365
  606 1.16145e+05     0.00334     0.02033      0.02367
  607 1.18850e+05     0.00334     0.02035      0.02369
  608 1.21619e+05     0.00334     0.02037      0.02371
  609 1.24451e+05     0.00333     0.02039      0.02373
  610 1.27350e+05     0.00333     0.02042      0.02375
  611 1.30317e+05     0.00333     0.02044      0.02377
  612 1.33352e+05     0.00333     0.02046      0.02379
  613 1.36458e+05     0.00332     0.02049      0.02381
  614 1.39637e+05     0.00332     0.02051      0.02383
  615 1.42889e+05     0.00332     0.02053      0.02385
  616 1.46218e+05     0.00331     0.02056      0.02387
  617 1.49624e+05     0.00331     0.02058      0.02390
  618 1.53109e+05     0.00331     0.02061      0.02392
  619 1.56675e+05     0.00331     0.02064      0.02394
  620 1.60325e+05     0.00330     0.02066      0.02397
  621 1.64059e+05     0.00330     0.02069      0.02399
  622 1.67880e+05     0.00330     0.02072      0.02402
  623 1.71791e+05     0.00330     0.02075      0.02404
  624 1.75792e+05     0.00329     0.02077      0.02407
  625 1.79887e+05     0.00329     0.02080      0.02409
  626 1.84077e+05     0.00329     0.02083      0.02412
  627 1.88365e+05     0.00329     0.02086      0.02415
  628 1.92752e+05     0.00328     0.02089      0.02418
  629 1.97242e+05     0.00328     0.02092      0.02421
  630 2.01837e+05     0.00328     0.02095      0.02423
  631 2.06538e+05     0.00328     0.02099      0.02426
  632 2.11349e+05     0.00328     0.02102      0.02429
  633 2.16272e+05     0.00327     0.02105      0.02432
  634 2.21309e+05     0.00327     0.02108      0.02435
  635 2.26464e+05     0.00327     0.02112      0.02438
  636 2.31739e+05     0.00327     0.02115      0.02442
  637 2.37137e+05     0.00327     0.02118      0.02445
  638 2.42661e+05     0.00326     0.02122      0.02448
  639 2.48313e+05     0.00326     0.02125      0.02451
  640 2.54097e+05     0.00326     0.02129      0.02455
  641 2.60016e+05     0.00326     0.02132      0.02458
  642 2.66073e+05     0.00326     0.02136      0.02461
  643 2.72270e+05     0.00325     0.02140      0.02465
  644 2.78612e+05     0.00325     0.02143      0.02468
  645 2.85102e+05     0.00325     0.02147      0.02472
  646 2.91743e+05     0.00325     0.02151      0.02476
  647 2.98538e+05     0.00325     0.02155      0.02479
  648 3.05492e+05     0.00324     0.02158      0.02483
  649 3.12608e+05     0.00324     0.02162      0.02487
  650 3.19890e+05     0.00324     0.02166      0.02490
  651 3.27341e+05     0.00324     0.02170      0.02494
  652 3.34965e+05     0.00324     0.02174      0.02498
  653 3.42768e+05     0.00324     0.02178      0.02502
  654 3.50752e+05     0.00323     0.02182      0.02506
  655 3.58922e+05     0.00323     0.02187      0.02510
  656 3.67282e+05     0.00323     0.02191      0.02514
  657 3.75837e+05     0.00323     0.02195      0.02518
  658 3.84592e+05     0.00323     0.02199      0.02522
  659 3.93550e+05     0.00323     0.02204      0.02526
  660 4.02717e+05     0.00323     0.02208      0.02530
  661 4.12098e+05     0.00322     0.02212      0.02535
  662 4.21697e+05     0.00322     0.02217      0.02539
  663 4.31519e+05     0.00322     0.02221      0.02543
  664 4.41570e+05     0.00322     0.02226      0.02548
  665 4.51856e+05     0.00322     0.02230      0.02552
  666 4.62381e+05     0.00322     0.02235      0.02556
  667 4.73151e+05     0.00322     0.02239      0.02561
  668 4.84172e+05     0.00321     0.02244      0.02565
  669 4.95450e+05     0.00321     0.02249      0.02570
  670 5.06991e+05     0.00321     0.02253      0.02575
  671 5.18800e+05     0.00321     0.02258      0.02579
  672 5.30884e+05     0.00321     0.02263      0.02584
  673 5.43250e+05     0.00321     0.02268      0.02589
  674 5.55904e+05     0.00321     0.02273      0.02593
  675 5.68853e+05     0.00320     0.02278      0.02598
  676 5.82103e+05     0.00320     0.02283      0.02603
  677 5.95662e+05     0.00320     0.02288      0.02608
  678 6.09537e+05     0.00320     0.02293      0.02613
  679 6.23735e+05     0.00320     0.02298      0.02618
  680 6.38263e+05     0.00320     0.02303      0.02623
  681 6.53131e+05     0.00320     0.02308      0.02628
  682 6.68344e+05     0.00320     0.02313      0.02633
  683 6.83912e+05     0.00319     0.02318      0.02638
  684 6.99842e+05     0.00319     0.02324      0.02643
  685 7.16143e+05     0.00319     0.02329      0.02648
  686 7.32825e+05     0.00319     0.02334      0.02653
  687 7.49894e+05     0.00319     0.02340      0.02659
  688 7.67361e+05     0.00319     0.02345      0.02664
  689 7.85236e+05     0.00319     0.02351      0.02669
  690 8.03526e+05     0.00319     0.02356      0.02675
  691 8.22243e+05     0.00319     0.02362      0.02680
  692 8.41395e+05     0.00318     0.02367      0.02686
  693 8.60994e+05     0.00318     0.02373      0.02691
  694 8.81049e+05     0.00318     0.02378      0.02697
  695 9.01571e+05     0.00318     0.02384      0.02702
  696 9.22571e+05     0.00318     0.02390      0.02708
  697 9.44061e+05     0.00318     0.02396      0.02713
  698 9.66051e+05     0.00318     0.02401      0.02719
  699 9.88553e+05     0.00318     0.02407      0.02725
  700 1.01158e+06     0.00318     0.02413      0.02731
  701 1.03514e+06     0.00318     0.02419      0.02736
  702 1.05925e+06     0.00317     0.02425      0.02742
  703 1.08393e+06     0.00317     0.02431      0.02748
  704 1.10917e+06     0.00317     0.02437      0.02754
  705 1.13501e+06     0.00317     0.02443      0.02760
  706 1.16145e+06     0.00317     0.02449      0.02766
  707 1.18850e+06     0.00317     0.02455      0.02772
  708 1.21619e+06     0.00317     0.02461      0.02778
  709 1.24451e+06     0.00317     0.02467      0.02784
  710 1.27350e+06     0.00317     0.02474      0.02790
  711 1.30317e+06     0.00317     0.02480      0.02797
  712 1.33352e+06     0.00317     0.02486      0.02803
  713 1.36458e+06     0.00316     0.02492      0.02809
  714 1.39637e+06     0.00316     0.02499      0.02815
  715 1.42889e+06     0.00316     0.02505      0.02822
  716 1.46218e+06     0.00316     0.02512      0.02828
  717 1.49624e+06     0.00316     0.02518      0.02834
  718 1.53109e+06     0.00316     0.02525      0.02841
  719 1.56675e+06     0.00316     0.02531      0.02847
  720 1.60325e+06     0.00316     0.02538      0.02854
  721 1.64059e+06     0.00316     0.02544      0.02860
  722 1.67880e+06     0.00316     0.02551      0.02867
  723 1.71791e+06     0.00316     0.02558      0.02873
  724 1.75792e+06     0.00316     0.02564      0.02880
  725 1.79887e+06     0.00315     0.02571      0.02887
  726 1.84077e+06     0.00315     0.02578      0.02893
  727 1.88365e+06     0.00315     0.02585      0.02900
  728 1.92752e+06     0.00315     0.02592      0.02907
  729 1.97242e+06     0.00315     0.02599      0.02914
  730 2.01837e+06     0.00315     0.02606      0.02921
  731 2.06538e+06     0.00315     0.02612      0.02928
  732 2.11349e+06     0.00315     0.02619      0.02934
  733 2.16272e+06     0.00315     0.02627      0.02941
  734 2.21309e+06     0.00315     0.02634      0.02948
  735 2.26464e+06     0.00315     0.02641      0.02955
  736 2.31739e+06     0.00315     0.02648      0.02963
  737 2.37137e+06     0.00315     0.02655      0.02970
  738 2.42661e+06     0.00315     0.02662      0.02977
  739 2.48313e+06     0.00314     0.02669      0.02984
  740 2.54097e+06     0.00314     0.02677      0.02991
  741 2.60016e+06     0.00314     0.02684      0.02998
  742 2.66073e+06     0.00314     0.02691      0.03006
  743 2.72270e+06     0.00314     0.02699      0.03013
  744 2.78612e+06     0.00314     0.02706      0.03020
  745 2.85102e+06     0.00314     0.02714      0.03028
  746 2.91743e+06     0.00314     0.02721      0.03035
  747 2.98538e+06     0.00314     0.02729      0.03043
  748 3.05492e+06     0.00314     0.02736      0.03050
  749 3.12608e+06     0.00314     0.02744      0.03058
  750 3.19890e+06     0.00314     0.02751      0.03065
  751 3.27341e+06     0.00314     0.02759      0.03073
  752 3.34965e+06     0.00314     0.02767      0.03080
  753 3.42768e+06     0.00314     0.02774      0.03088
  754 3.50752e+06     0.00314     0.02782      0.03096
  755 3.58922e+06     0.00313     0.02790      0.03103
  756 3.67282e+06     0.00313     0.02798      0.03111
  757 3.75837e+06     0.00313     0.02806      0.03119
  758 3.84592e+06     0.00313     0.02813      0.03127
  759 3.93550e+06     0.00313     0.02821      0.03135
  760 4.02717e+06     0.00313     0.02829      0.03142
  761 4.12098e+06     0.00313     0.02837      0.03150
  762 4.21697e+06     0.00313     0.02845      0.03158
  763 4.31519e+06     0.00313     0.02853      0.03166
  764 4.41570e+06     0.00313     0.02861      0.03174
  765 4.51856e+06     0.00313     0.02870      0.03182
  766 4.62381e+06     0.00313     0.02878      0.03191
  767 4.73151e+06     0.00313     0.02886      0.03199
  768 4.84172e+06     0.00313     0.02894      0.03207
  769 4.95450e+06     0.00313     0.02902      0.03215
  770 5.06991e+06     0.00313     0.02911      0.03223
  771 5.18800e+06     0.00313     0.02919      0.03232
  772 5.30884e+06     0.00313     0.02927      0.03240
  773 5.43250e+06     0.00313     0.02936      0.03248
  774 5.55904e+06     0.00312     0.02944      0.03256
  775 5.68853e+06     0.00312     0.02952      0.03265
  776 5.82103e+06     0.00312     0.02961      0.03273
  777 5.95662e+06     0.00312     0.02969      0.03282
  778 6.09537e+06     0.00312     0.02978      0.03290
  779 6.23735e+06     0.00312     0.02987      0.03299
  780 6.38263e+06     0.00312     0.02995      0.03307
  781 6.53131e+06     0.00312     0.03004      0.03316
  782 6.68344e+06     0.00312     0.03012      0.03325
  783 6.83912e+06     0.00312     0.03021      0.03333
  784 6.99842e+06     0.00312     0.03030      0.03342
  785 7.16143e+06     0.00312     0.03039      0.03351
  786 7.32825e+06     0.00312     0.03047      0.03359
  787 7.49894e+06     0.00312     0.03056      0.03368
  788 7.67361e+06     0.00312     0.03065      0.03377
  789 7.85236e+06     0.00312     0.03074      0.03386
  790 8.03526e+06     0.00312     0.03083      0.03395
  791 8.22243e+06     0.00312     0.03092      0.03404
  792 8.41395e+06     0.00312     0.03101      0.03413
  793 8.60994e+06     0.00312     0.03110      0.03422
  794 8.81049e+06     0.00312     0.03119      0.03431
  795 9.01571e+06     0.00312     0.03128      0.03440
  796 9.22571e+06     0.00311     0.03137      0.03449
  797 9.44061e+06     0.00311     0.03146      0.03458
  798 9.66051e+06     0.00311     0.03156      0.03467
  799 9.88553e+06     0.00311     0.03165      0.03476
-------------------------------------------------------------
